GROUP SIZE IS: 1
Hello from job 198913 on compute-0-12 at Thu Jun 29 16:42:22 CEST 2023
PWD:
/home/nbizjak/prosculpt_dev/prosculpt/examples/two_helices_3cycles_model4

COMMAND: /home/nbizjak/projects/11_04_2023_rigid_connections/.venv/bin/python /home/nbizjak/prosculpt_dev/prosculpt/rfdiff_mpnn_af2_disontiuous.py --original_pdb_path "/home/nbizjak/prosculpt_dev/prosculpt/examples/inputs_for_rfdiff/two_helices.pdb" --output_dir  /home/nbizjak/prosculpt_dev/prosculpt/examples/two_helices_3cycles_model4/outputs/01 --contig '['A1-37/30-60/A42-70']' --num_designs_rfdiff 2  --num_seq_per_target_mpnn 2 --chains_to_design_mpnn 'A' --af2_mpnn_cycles 3 --af2_models "4" 
Reading models from /home/tsatler/RFdif/RFdiffusion/rfdiffusion/inference/../../models
[2023-06-29 16:42:25,762][rfdiffusion.inference.model_runners][INFO] - Reading checkpoint from /home/tsatler/RFdif/RFdiffusion/rfdiffusion/inference/../../models/Base_ckpt.pt
This is inf_conf.ckpt_path
/home/tsatler/RFdif/RFdiffusion/rfdiffusion/inference/../../models/Base_ckpt.pt
Assembling -model, -diffuser and -preprocess configs from checkpoint
USING MODEL CONFIG: self._conf[model][n_extra_block] = 4
USING MODEL CONFIG: self._conf[model][n_main_block] = 32
USING MODEL CONFIG: self._conf[model][n_ref_block] = 4
USING MODEL CONFIG: self._conf[model][d_msa] = 256
USING MODEL CONFIG: self._conf[model][d_msa_full] = 64
USING MODEL CONFIG: self._conf[model][d_pair] = 128
USING MODEL CONFIG: self._conf[model][d_templ] = 64
USING MODEL CONFIG: self._conf[model][n_head_msa] = 8
USING MODEL CONFIG: self._conf[model][n_head_pair] = 4
USING MODEL CONFIG: self._conf[model][n_head_templ] = 4
USING MODEL CONFIG: self._conf[model][d_hidden] = 32
USING MODEL CONFIG: self._conf[model][d_hidden_templ] = 32
USING MODEL CONFIG: self._conf[model][p_drop] = 0.15
USING MODEL CONFIG: self._conf[model][SE3_param_full] = {'num_layers': 1, 'num_channels': 32, 'num_degrees': 2, 'n_heads': 4, 'div': 4, 'l0_in_features': 8, 'l0_out_features': 8, 'l1_in_features': 3, 'l1_out_features': 2, 'num_edge_features': 32}
USING MODEL CONFIG: self._conf[model][SE3_param_topk] = {'num_layers': 1, 'num_channels': 32, 'num_degrees': 2, 'n_heads': 4, 'div': 4, 'l0_in_features': 64, 'l0_out_features': 64, 'l1_in_features': 3, 'l1_out_features': 2, 'num_edge_features': 64}
USING MODEL CONFIG: self._conf[model][d_time_emb] = 0
USING MODEL CONFIG: self._conf[model][d_time_emb_proj] = 10
USING MODEL CONFIG: self._conf[model][freeze_track_motif] = False
USING MODEL CONFIG: self._conf[model][use_motif_timestep] = True
USING MODEL CONFIG: self._conf[diffuser][T] = 50
USING MODEL CONFIG: self._conf[diffuser][b_0] = 0.01
USING MODEL CONFIG: self._conf[diffuser][b_T] = 0.07
USING MODEL CONFIG: self._conf[diffuser][schedule_type] = linear
USING MODEL CONFIG: self._conf[diffuser][so3_type] = igso3
USING MODEL CONFIG: self._conf[diffuser][crd_scale] = 0.25
USING MODEL CONFIG: self._conf[diffuser][so3_schedule_type] = linear
USING MODEL CONFIG: self._conf[diffuser][min_b] = 1.5
USING MODEL CONFIG: self._conf[diffuser][max_b] = 2.5
USING MODEL CONFIG: self._conf[diffuser][min_sigma] = 0.02
USING MODEL CONFIG: self._conf[diffuser][max_sigma] = 1.5
USING MODEL CONFIG: self._conf[preprocess][sidechain_input] = False
USING MODEL CONFIG: self._conf[preprocess][motif_sidechain_input] = True
USING MODEL CONFIG: self._conf[preprocess][d_t1d] = 22
USING MODEL CONFIG: self._conf[preprocess][d_t2d] = 44
USING MODEL CONFIG: self._conf[preprocess][prob_self_cond] = 0.5
USING MODEL CONFIG: self._conf[preprocess][str_self_cond] = True
USING MODEL CONFIG: self._conf[preprocess][predict_previous] = False
[2023-06-29 16:42:29,292][rfdiffusion.inference.model_runners][INFO] - Loading checkpoint.
[2023-06-29 16:42:32,328][rfdiffusion.diffusion][INFO] - Using cached IGSO3.
Successful diffuser __init__
[2023-06-29 16:42:32,336][__main__][INFO] - Making design /home/nbizjak/prosculpt_dev/prosculpt/examples/two_helices_3cycles_model4/outputs/01/1_rfdiff/_0
[2023-06-29 16:42:32,340][rfdiffusion.inference.model_runners][INFO] - Using contig: ['A1-37/30-60/A42-70']
With this beta schedule (linear schedule, beta_0 = 0.04, beta_T = 0.28), alpha_bar_T = 0.00013696048699785024
[2023-06-29 16:42:32,377][rfdiffusion.inference.model_runners][INFO] - Sequence init: GDIEQELERAKESIRRLEQEVNQERSRMQYLQTLLEK-------------------------------------------------------QLEDKVEELLSKNYHLENEVERLKKLVGS
[2023-06-29 16:42:34,352][rfdiffusion.inference.utils][INFO] - Sampled motif RMSD: 0.30
[2023-06-29 16:42:34,355][rfdiffusion.inference.model_runners][INFO] - Timestep 50, input to next step: GDIEQELERAKESIRRLEQEVNQERSRMQYLQTLLEK-------------------------------------------------------QLEDKVEELLSKNYHLENEVERLKKLVGS
[2023-06-29 16:42:35,326][rfdiffusion.inference.utils][INFO] - Sampled motif RMSD: 0.20
[2023-06-29 16:42:35,329][rfdiffusion.inference.model_runners][INFO] - Timestep 49, input to next step: GDIEQELERAKESIRRLEQEVNQERSRMQYLQTLLEK-------------------------------------------------------QLEDKVEELLSKNYHLENEVERLKKLVGS
[2023-06-29 16:42:36,449][rfdiffusion.inference.utils][INFO] - Sampled motif RMSD: 0.24
[2023-06-29 16:42:36,451][rfdiffusion.inference.model_runners][INFO] - Timestep 48, input to next step: GDIEQELERAKESIRRLEQEVNQERSRMQYLQTLLEK-------------------------------------------------------QLEDKVEELLSKNYHLENEVERLKKLVGS
[2023-06-29 16:42:37,556][rfdiffusion.inference.utils][INFO] - Sampled motif RMSD: 0.21
[2023-06-29 16:42:37,558][rfdiffusion.inference.model_runners][INFO] - Timestep 47, input to next step: GDIEQELERAKESIRRLEQEVNQERSRMQYLQTLLEK-------------------------------------------------------QLEDKVEELLSKNYHLENEVERLKKLVGS
[2023-06-29 16:42:38,364][rfdiffusion.inference.utils][INFO] - Sampled motif RMSD: 0.21
[2023-06-29 16:42:38,366][rfdiffusion.inference.model_runners][INFO] - Timestep 46, input to next step: GDIEQELERAKESIRRLEQEVNQERSRMQYLQTLLEK-------------------------------------------------------QLEDKVEELLSKNYHLENEVERLKKLVGS
[2023-06-29 16:42:39,330][rfdiffusion.inference.utils][INFO] - Sampled motif RMSD: 0.17
[2023-06-29 16:42:39,332][rfdiffusion.inference.model_runners][INFO] - Timestep 45, input to next step: GDIEQELERAKESIRRLEQEVNQERSRMQYLQTLLEK-------------------------------------------------------QLEDKVEELLSKNYHLENEVERLKKLVGS
[2023-06-29 16:42:39,824][rfdiffusion.inference.utils][INFO] - Sampled motif RMSD: 0.16
[2023-06-29 16:42:39,826][rfdiffusion.inference.model_runners][INFO] - Timestep 44, input to next step: GDIEQELERAKESIRRLEQEVNQERSRMQYLQTLLEK-------------------------------------------------------QLEDKVEELLSKNYHLENEVERLKKLVGS
[2023-06-29 16:42:40,310][rfdiffusion.inference.utils][INFO] - Sampled motif RMSD: 0.16
[2023-06-29 16:42:40,313][rfdiffusion.inference.model_runners][INFO] - Timestep 43, input to next step: GDIEQELERAKESIRRLEQEVNQERSRMQYLQTLLEK-------------------------------------------------------QLEDKVEELLSKNYHLENEVERLKKLVGS
[2023-06-29 16:42:40,821][rfdiffusion.inference.utils][INFO] - Sampled motif RMSD: 0.16
[2023-06-29 16:42:40,824][rfdiffusion.inference.model_runners][INFO] - Timestep 42, input to next step: GDIEQELERAKESIRRLEQEVNQERSRMQYLQTLLEK-------------------------------------------------------QLEDKVEELLSKNYHLENEVERLKKLVGS
[2023-06-29 16:42:41,332][rfdiffusion.inference.utils][INFO] - Sampled motif RMSD: 0.18
[2023-06-29 16:42:41,334][rfdiffusion.inference.model_runners][INFO] - Timestep 41, input to next step: GDIEQELERAKESIRRLEQEVNQERSRMQYLQTLLEK-------------------------------------------------------QLEDKVEELLSKNYHLENEVERLKKLVGS
[2023-06-29 16:42:41,835][rfdiffusion.inference.utils][INFO] - Sampled motif RMSD: 0.19
[2023-06-29 16:42:41,837][rfdiffusion.inference.model_runners][INFO] - Timestep 40, input to next step: GDIEQELERAKESIRRLEQEVNQERSRMQYLQTLLEK-------------------------------------------------------QLEDKVEELLSKNYHLENEVERLKKLVGS
[2023-06-29 16:42:42,339][rfdiffusion.inference.utils][INFO] - Sampled motif RMSD: 0.17
[2023-06-29 16:42:42,342][rfdiffusion.inference.model_runners][INFO] - Timestep 39, input to next step: GDIEQELERAKESIRRLEQEVNQERSRMQYLQTLLEK-------------------------------------------------------QLEDKVEELLSKNYHLENEVERLKKLVGS
[2023-06-29 16:42:42,839][rfdiffusion.inference.utils][INFO] - Sampled motif RMSD: 0.16
[2023-06-29 16:42:42,841][rfdiffusion.inference.model_runners][INFO] - Timestep 38, input to next step: GDIEQELERAKESIRRLEQEVNQERSRMQYLQTLLEK-------------------------------------------------------QLEDKVEELLSKNYHLENEVERLKKLVGS
[2023-06-29 16:42:43,338][rfdiffusion.inference.utils][INFO] - Sampled motif RMSD: 0.14
[2023-06-29 16:42:43,340][rfdiffusion.inference.model_runners][INFO] - Timestep 37, input to next step: GDIEQELERAKESIRRLEQEVNQERSRMQYLQTLLEK-------------------------------------------------------QLEDKVEELLSKNYHLENEVERLKKLVGS
[2023-06-29 16:42:43,838][rfdiffusion.inference.utils][INFO] - Sampled motif RMSD: 0.14
[2023-06-29 16:42:43,840][rfdiffusion.inference.model_runners][INFO] - Timestep 36, input to next step: GDIEQELERAKESIRRLEQEVNQERSRMQYLQTLLEK-------------------------------------------------------QLEDKVEELLSKNYHLENEVERLKKLVGS
[2023-06-29 16:42:44,337][rfdiffusion.inference.utils][INFO] - Sampled motif RMSD: 0.15
[2023-06-29 16:42:44,340][rfdiffusion.inference.model_runners][INFO] - Timestep 35, input to next step: GDIEQELERAKESIRRLEQEVNQERSRMQYLQTLLEK-------------------------------------------------------QLEDKVEELLSKNYHLENEVERLKKLVGS
[2023-06-29 16:42:44,838][rfdiffusion.inference.utils][INFO] - Sampled motif RMSD: 0.16
[2023-06-29 16:42:44,840][rfdiffusion.inference.model_runners][INFO] - Timestep 34, input to next step: GDIEQELERAKESIRRLEQEVNQERSRMQYLQTLLEK-------------------------------------------------------QLEDKVEELLSKNYHLENEVERLKKLVGS
[2023-06-29 16:42:45,337][rfdiffusion.inference.utils][INFO] - Sampled motif RMSD: 0.15
[2023-06-29 16:42:45,339][rfdiffusion.inference.model_runners][INFO] - Timestep 33, input to next step: GDIEQELERAKESIRRLEQEVNQERSRMQYLQTLLEK-------------------------------------------------------QLEDKVEELLSKNYHLENEVERLKKLVGS
[2023-06-29 16:42:45,836][rfdiffusion.inference.utils][INFO] - Sampled motif RMSD: 0.15
[2023-06-29 16:42:45,838][rfdiffusion.inference.model_runners][INFO] - Timestep 32, input to next step: GDIEQELERAKESIRRLEQEVNQERSRMQYLQTLLEK-------------------------------------------------------QLEDKVEELLSKNYHLENEVERLKKLVGS
[2023-06-29 16:42:46,335][rfdiffusion.inference.utils][INFO] - Sampled motif RMSD: 0.15
[2023-06-29 16:42:46,337][rfdiffusion.inference.model_runners][INFO] - Timestep 31, input to next step: GDIEQELERAKESIRRLEQEVNQERSRMQYLQTLLEK-------------------------------------------------------QLEDKVEELLSKNYHLENEVERLKKLVGS
[2023-06-29 16:42:46,823][rfdiffusion.inference.utils][INFO] - Sampled motif RMSD: 0.15
[2023-06-29 16:42:46,826][rfdiffusion.inference.model_runners][INFO] - Timestep 30, input to next step: GDIEQELERAKESIRRLEQEVNQERSRMQYLQTLLEK-------------------------------------------------------QLEDKVEELLSKNYHLENEVERLKKLVGS
[2023-06-29 16:42:47,329][rfdiffusion.inference.utils][INFO] - Sampled motif RMSD: 0.14
[2023-06-29 16:42:47,332][rfdiffusion.inference.model_runners][INFO] - Timestep 29, input to next step: GDIEQELERAKESIRRLEQEVNQERSRMQYLQTLLEK-------------------------------------------------------QLEDKVEELLSKNYHLENEVERLKKLVGS
[2023-06-29 16:42:47,840][rfdiffusion.inference.utils][INFO] - Sampled motif RMSD: 0.15
[2023-06-29 16:42:47,843][rfdiffusion.inference.model_runners][INFO] - Timestep 28, input to next step: GDIEQELERAKESIRRLEQEVNQERSRMQYLQTLLEK-------------------------------------------------------QLEDKVEELLSKNYHLENEVERLKKLVGS
[2023-06-29 16:42:48,343][rfdiffusion.inference.utils][INFO] - Sampled motif RMSD: 0.14
[2023-06-29 16:42:48,346][rfdiffusion.inference.model_runners][INFO] - Timestep 27, input to next step: GDIEQELERAKESIRRLEQEVNQERSRMQYLQTLLEK-------------------------------------------------------QLEDKVEELLSKNYHLENEVERLKKLVGS
[2023-06-29 16:42:48,846][rfdiffusion.inference.utils][INFO] - Sampled motif RMSD: 0.15
[2023-06-29 16:42:48,849][rfdiffusion.inference.model_runners][INFO] - Timestep 26, input to next step: GDIEQELERAKESIRRLEQEVNQERSRMQYLQTLLEK-------------------------------------------------------QLEDKVEELLSKNYHLENEVERLKKLVGS
[2023-06-29 16:42:49,351][rfdiffusion.inference.utils][INFO] - Sampled motif RMSD: 0.17
[2023-06-29 16:42:49,353][rfdiffusion.inference.model_runners][INFO] - Timestep 25, input to next step: GDIEQELERAKESIRRLEQEVNQERSRMQYLQTLLEK-------------------------------------------------------QLEDKVEELLSKNYHLENEVERLKKLVGS
[2023-06-29 16:42:49,853][rfdiffusion.inference.utils][INFO] - Sampled motif RMSD: 0.18
[2023-06-29 16:42:49,856][rfdiffusion.inference.model_runners][INFO] - Timestep 24, input to next step: GDIEQELERAKESIRRLEQEVNQERSRMQYLQTLLEK-------------------------------------------------------QLEDKVEELLSKNYHLENEVERLKKLVGS
[2023-06-29 16:42:50,355][rfdiffusion.inference.utils][INFO] - Sampled motif RMSD: 0.17
[2023-06-29 16:42:50,358][rfdiffusion.inference.model_runners][INFO] - Timestep 23, input to next step: GDIEQELERAKESIRRLEQEVNQERSRMQYLQTLLEK-------------------------------------------------------QLEDKVEELLSKNYHLENEVERLKKLVGS
[2023-06-29 16:42:50,857][rfdiffusion.inference.utils][INFO] - Sampled motif RMSD: 0.19
[2023-06-29 16:42:50,860][rfdiffusion.inference.model_runners][INFO] - Timestep 22, input to next step: GDIEQELERAKESIRRLEQEVNQERSRMQYLQTLLEK-------------------------------------------------------QLEDKVEELLSKNYHLENEVERLKKLVGS
[2023-06-29 16:42:51,359][rfdiffusion.inference.utils][INFO] - Sampled motif RMSD: 0.18
[2023-06-29 16:42:51,362][rfdiffusion.inference.model_runners][INFO] - Timestep 21, input to next step: GDIEQELERAKESIRRLEQEVNQERSRMQYLQTLLEK-------------------------------------------------------QLEDKVEELLSKNYHLENEVERLKKLVGS
[2023-06-29 16:42:51,861][rfdiffusion.inference.utils][INFO] - Sampled motif RMSD: 0.18
[2023-06-29 16:42:51,863][rfdiffusion.inference.model_runners][INFO] - Timestep 20, input to next step: GDIEQELERAKESIRRLEQEVNQERSRMQYLQTLLEK-------------------------------------------------------QLEDKVEELLSKNYHLENEVERLKKLVGS
[2023-06-29 16:42:52,365][rfdiffusion.inference.utils][INFO] - Sampled motif RMSD: 0.19
[2023-06-29 16:42:52,368][rfdiffusion.inference.model_runners][INFO] - Timestep 19, input to next step: GDIEQELERAKESIRRLEQEVNQERSRMQYLQTLLEK-------------------------------------------------------QLEDKVEELLSKNYHLENEVERLKKLVGS
[2023-06-29 16:42:52,867][rfdiffusion.inference.utils][INFO] - Sampled motif RMSD: 0.19
[2023-06-29 16:42:52,870][rfdiffusion.inference.model_runners][INFO] - Timestep 18, input to next step: GDIEQELERAKESIRRLEQEVNQERSRMQYLQTLLEK-------------------------------------------------------QLEDKVEELLSKNYHLENEVERLKKLVGS
[2023-06-29 16:42:53,372][rfdiffusion.inference.utils][INFO] - Sampled motif RMSD: 0.19
[2023-06-29 16:42:53,375][rfdiffusion.inference.model_runners][INFO] - Timestep 17, input to next step: GDIEQELERAKESIRRLEQEVNQERSRMQYLQTLLEK-------------------------------------------------------QLEDKVEELLSKNYHLENEVERLKKLVGS
[2023-06-29 16:42:53,875][rfdiffusion.inference.utils][INFO] - Sampled motif RMSD: 0.20
[2023-06-29 16:42:53,878][rfdiffusion.inference.model_runners][INFO] - Timestep 16, input to next step: GDIEQELERAKESIRRLEQEVNQERSRMQYLQTLLEK-------------------------------------------------------QLEDKVEELLSKNYHLENEVERLKKLVGS
[2023-06-29 16:42:54,384][rfdiffusion.inference.utils][INFO] - Sampled motif RMSD: 0.19
[2023-06-29 16:42:54,387][rfdiffusion.inference.model_runners][INFO] - Timestep 15, input to next step: GDIEQELERAKESIRRLEQEVNQERSRMQYLQTLLEK-------------------------------------------------------QLEDKVEELLSKNYHLENEVERLKKLVGS
[2023-06-29 16:42:54,896][rfdiffusion.inference.utils][INFO] - Sampled motif RMSD: 0.20
[2023-06-29 16:42:54,899][rfdiffusion.inference.model_runners][INFO] - Timestep 14, input to next step: GDIEQELERAKESIRRLEQEVNQERSRMQYLQTLLEK-------------------------------------------------------QLEDKVEELLSKNYHLENEVERLKKLVGS
[2023-06-29 16:42:55,410][rfdiffusion.inference.utils][INFO] - Sampled motif RMSD: 0.19
[2023-06-29 16:42:55,413][rfdiffusion.inference.model_runners][INFO] - Timestep 13, input to next step: GDIEQELERAKESIRRLEQEVNQERSRMQYLQTLLEK-------------------------------------------------------QLEDKVEELLSKNYHLENEVERLKKLVGS
[2023-06-29 16:42:55,933][rfdiffusion.inference.utils][INFO] - Sampled motif RMSD: 0.20
[2023-06-29 16:42:55,936][rfdiffusion.inference.model_runners][INFO] - Timestep 12, input to next step: GDIEQELERAKESIRRLEQEVNQERSRMQYLQTLLEK-------------------------------------------------------QLEDKVEELLSKNYHLENEVERLKKLVGS
[2023-06-29 16:42:56,444][rfdiffusion.inference.utils][INFO] - Sampled motif RMSD: 0.22
[2023-06-29 16:42:56,447][rfdiffusion.inference.model_runners][INFO] - Timestep 11, input to next step: GDIEQELERAKESIRRLEQEVNQERSRMQYLQTLLEK-------------------------------------------------------QLEDKVEELLSKNYHLENEVERLKKLVGS
[2023-06-29 16:42:56,949][rfdiffusion.inference.utils][INFO] - Sampled motif RMSD: 0.21
[2023-06-29 16:42:56,952][rfdiffusion.inference.model_runners][INFO] - Timestep 10, input to next step: GDIEQELERAKESIRRLEQEVNQERSRMQYLQTLLEK-------------------------------------------------------QLEDKVEELLSKNYHLENEVERLKKLVGS
[2023-06-29 16:42:57,448][rfdiffusion.inference.utils][INFO] - Sampled motif RMSD: 0.21
[2023-06-29 16:42:57,450][rfdiffusion.inference.model_runners][INFO] - Timestep 9, input to next step: GDIEQELERAKESIRRLEQEVNQERSRMQYLQTLLEK-------------------------------------------------------QLEDKVEELLSKNYHLENEVERLKKLVGS
[2023-06-29 16:42:57,945][rfdiffusion.inference.utils][INFO] - Sampled motif RMSD: 0.21
[2023-06-29 16:42:57,948][rfdiffusion.inference.model_runners][INFO] - Timestep 8, input to next step: GDIEQELERAKESIRRLEQEVNQERSRMQYLQTLLEK-------------------------------------------------------QLEDKVEELLSKNYHLENEVERLKKLVGS
[2023-06-29 16:42:58,454][rfdiffusion.inference.utils][INFO] - Sampled motif RMSD: 0.22
[2023-06-29 16:42:58,456][rfdiffusion.inference.model_runners][INFO] - Timestep 7, input to next step: GDIEQELERAKESIRRLEQEVNQERSRMQYLQTLLEK-------------------------------------------------------QLEDKVEELLSKNYHLENEVERLKKLVGS
[2023-06-29 16:42:58,958][rfdiffusion.inference.utils][INFO] - Sampled motif RMSD: 0.22
[2023-06-29 16:42:58,961][rfdiffusion.inference.model_runners][INFO] - Timestep 6, input to next step: GDIEQELERAKESIRRLEQEVNQERSRMQYLQTLLEK-------------------------------------------------------QLEDKVEELLSKNYHLENEVERLKKLVGS
[2023-06-29 16:42:59,450][rfdiffusion.inference.utils][INFO] - Sampled motif RMSD: 0.23
[2023-06-29 16:42:59,453][rfdiffusion.inference.model_runners][INFO] - Timestep 5, input to next step: GDIEQELERAKESIRRLEQEVNQERSRMQYLQTLLEK-------------------------------------------------------QLEDKVEELLSKNYHLENEVERLKKLVGS
[2023-06-29 16:42:59,953][rfdiffusion.inference.utils][INFO] - Sampled motif RMSD: 0.23
[2023-06-29 16:42:59,956][rfdiffusion.inference.model_runners][INFO] - Timestep 4, input to next step: GDIEQELERAKESIRRLEQEVNQERSRMQYLQTLLEK-------------------------------------------------------QLEDKVEELLSKNYHLENEVERLKKLVGS
[2023-06-29 16:43:00,445][rfdiffusion.inference.utils][INFO] - Sampled motif RMSD: 0.22
[2023-06-29 16:43:00,448][rfdiffusion.inference.model_runners][INFO] - Timestep 3, input to next step: GDIEQELERAKESIRRLEQEVNQERSRMQYLQTLLEK-------------------------------------------------------QLEDKVEELLSKNYHLENEVERLKKLVGS
[2023-06-29 16:43:00,950][rfdiffusion.inference.utils][INFO] - Sampled motif RMSD: 0.22
[2023-06-29 16:43:00,952][rfdiffusion.inference.model_runners][INFO] - Timestep 2, input to next step: GDIEQELERAKESIRRLEQEVNQERSRMQYLQTLLEK-------------------------------------------------------QLEDKVEELLSKNYHLENEVERLKKLVGS
[2023-06-29 16:43:03,195][__main__][INFO] - Finished design in 0.51 minutes
[2023-06-29 16:43:03,196][__main__][INFO] - Making design /home/nbizjak/prosculpt_dev/prosculpt/examples/two_helices_3cycles_model4/outputs/01/1_rfdiff/_1
[2023-06-29 16:43:03,199][rfdiffusion.inference.model_runners][INFO] - Using contig: ['A1-37/30-60/A42-70']
With this beta schedule (linear schedule, beta_0 = 0.04, beta_T = 0.28), alpha_bar_T = 0.00013696048699785024
[2023-06-29 16:43:03,217][rfdiffusion.inference.model_runners][INFO] - Sequence init: GDIEQELERAKESIRRLEQEVNQERSRMQYLQTLLEK----------------------------------QLEDKVEELLSKNYHLENEVERLKKLVGS
[2023-06-29 16:43:03,665][rfdiffusion.inference.utils][INFO] - Sampled motif RMSD: 0.21
[2023-06-29 16:43:03,668][rfdiffusion.inference.model_runners][INFO] - Timestep 50, input to next step: GDIEQELERAKESIRRLEQEVNQERSRMQYLQTLLEK----------------------------------QLEDKVEELLSKNYHLENEVERLKKLVGS
[2023-06-29 16:43:04,105][rfdiffusion.inference.utils][INFO] - Sampled motif RMSD: 0.15
[2023-06-29 16:43:04,108][rfdiffusion.inference.model_runners][INFO] - Timestep 49, input to next step: GDIEQELERAKESIRRLEQEVNQERSRMQYLQTLLEK----------------------------------QLEDKVEELLSKNYHLENEVERLKKLVGS
[2023-06-29 16:43:04,544][rfdiffusion.inference.utils][INFO] - Sampled motif RMSD: 0.16
[2023-06-29 16:43:04,547][rfdiffusion.inference.model_runners][INFO] - Timestep 48, input to next step: GDIEQELERAKESIRRLEQEVNQERSRMQYLQTLLEK----------------------------------QLEDKVEELLSKNYHLENEVERLKKLVGS
[2023-06-29 16:43:04,987][rfdiffusion.inference.utils][INFO] - Sampled motif RMSD: 0.15
[2023-06-29 16:43:04,990][rfdiffusion.inference.model_runners][INFO] - Timestep 47, input to next step: GDIEQELERAKESIRRLEQEVNQERSRMQYLQTLLEK----------------------------------QLEDKVEELLSKNYHLENEVERLKKLVGS
[2023-06-29 16:43:05,427][rfdiffusion.inference.utils][INFO] - Sampled motif RMSD: 0.16
[2023-06-29 16:43:05,430][rfdiffusion.inference.model_runners][INFO] - Timestep 46, input to next step: GDIEQELERAKESIRRLEQEVNQERSRMQYLQTLLEK----------------------------------QLEDKVEELLSKNYHLENEVERLKKLVGS
[2023-06-29 16:43:05,860][rfdiffusion.inference.utils][INFO] - Sampled motif RMSD: 0.15
[2023-06-29 16:43:05,865][rfdiffusion.inference.model_runners][INFO] - Timestep 45, input to next step: GDIEQELERAKESIRRLEQEVNQERSRMQYLQTLLEK----------------------------------QLEDKVEELLSKNYHLENEVERLKKLVGS
[2023-06-29 16:43:06,323][rfdiffusion.inference.utils][INFO] - Sampled motif RMSD: 0.14
[2023-06-29 16:43:06,325][rfdiffusion.inference.model_runners][INFO] - Timestep 44, input to next step: GDIEQELERAKESIRRLEQEVNQERSRMQYLQTLLEK----------------------------------QLEDKVEELLSKNYHLENEVERLKKLVGS
[2023-06-29 16:43:06,760][rfdiffusion.inference.utils][INFO] - Sampled motif RMSD: 0.13
[2023-06-29 16:43:06,763][rfdiffusion.inference.model_runners][INFO] - Timestep 43, input to next step: GDIEQELERAKESIRRLEQEVNQERSRMQYLQTLLEK----------------------------------QLEDKVEELLSKNYHLENEVERLKKLVGS
[2023-06-29 16:43:07,185][rfdiffusion.inference.utils][INFO] - Sampled motif RMSD: 0.13
[2023-06-29 16:43:07,187][rfdiffusion.inference.model_runners][INFO] - Timestep 42, input to next step: GDIEQELERAKESIRRLEQEVNQERSRMQYLQTLLEK----------------------------------QLEDKVEELLSKNYHLENEVERLKKLVGS
[2023-06-29 16:43:07,629][rfdiffusion.inference.utils][INFO] - Sampled motif RMSD: 0.14
[2023-06-29 16:43:07,632][rfdiffusion.inference.model_runners][INFO] - Timestep 41, input to next step: GDIEQELERAKESIRRLEQEVNQERSRMQYLQTLLEK----------------------------------QLEDKVEELLSKNYHLENEVERLKKLVGS
[2023-06-29 16:43:08,103][rfdiffusion.inference.utils][INFO] - Sampled motif RMSD: 0.14
[2023-06-29 16:43:08,107][rfdiffusion.inference.model_runners][INFO] - Timestep 40, input to next step: GDIEQELERAKESIRRLEQEVNQERSRMQYLQTLLEK----------------------------------QLEDKVEELLSKNYHLENEVERLKKLVGS
[2023-06-29 16:43:08,556][rfdiffusion.inference.utils][INFO] - Sampled motif RMSD: 0.13
[2023-06-29 16:43:08,559][rfdiffusion.inference.model_runners][INFO] - Timestep 39, input to next step: GDIEQELERAKESIRRLEQEVNQERSRMQYLQTLLEK----------------------------------QLEDKVEELLSKNYHLENEVERLKKLVGS
[2023-06-29 16:43:09,056][rfdiffusion.inference.utils][INFO] - Sampled motif RMSD: 0.13
[2023-06-29 16:43:09,061][rfdiffusion.inference.model_runners][INFO] - Timestep 38, input to next step: GDIEQELERAKESIRRLEQEVNQERSRMQYLQTLLEK----------------------------------QLEDKVEELLSKNYHLENEVERLKKLVGS
[2023-06-29 16:43:09,504][rfdiffusion.inference.utils][INFO] - Sampled motif RMSD: 0.14
[2023-06-29 16:43:09,507][rfdiffusion.inference.model_runners][INFO] - Timestep 37, input to next step: GDIEQELERAKESIRRLEQEVNQERSRMQYLQTLLEK----------------------------------QLEDKVEELLSKNYHLENEVERLKKLVGS
[2023-06-29 16:43:09,938][rfdiffusion.inference.utils][INFO] - Sampled motif RMSD: 0.13
[2023-06-29 16:43:09,941][rfdiffusion.inference.model_runners][INFO] - Timestep 36, input to next step: GDIEQELERAKESIRRLEQEVNQERSRMQYLQTLLEK----------------------------------QLEDKVEELLSKNYHLENEVERLKKLVGS
[2023-06-29 16:43:10,377][rfdiffusion.inference.utils][INFO] - Sampled motif RMSD: 0.13
[2023-06-29 16:43:10,380][rfdiffusion.inference.model_runners][INFO] - Timestep 35, input to next step: GDIEQELERAKESIRRLEQEVNQERSRMQYLQTLLEK----------------------------------QLEDKVEELLSKNYHLENEVERLKKLVGS
[2023-06-29 16:43:10,822][rfdiffusion.inference.utils][INFO] - Sampled motif RMSD: 0.13
[2023-06-29 16:43:10,825][rfdiffusion.inference.model_runners][INFO] - Timestep 34, input to next step: GDIEQELERAKESIRRLEQEVNQERSRMQYLQTLLEK----------------------------------QLEDKVEELLSKNYHLENEVERLKKLVGS
[2023-06-29 16:43:11,300][rfdiffusion.inference.utils][INFO] - Sampled motif RMSD: 0.13
[2023-06-29 16:43:11,304][rfdiffusion.inference.model_runners][INFO] - Timestep 33, input to next step: GDIEQELERAKESIRRLEQEVNQERSRMQYLQTLLEK----------------------------------QLEDKVEELLSKNYHLENEVERLKKLVGS
[2023-06-29 16:43:11,759][rfdiffusion.inference.utils][INFO] - Sampled motif RMSD: 0.13
[2023-06-29 16:43:11,762][rfdiffusion.inference.model_runners][INFO] - Timestep 32, input to next step: GDIEQELERAKESIRRLEQEVNQERSRMQYLQTLLEK----------------------------------QLEDKVEELLSKNYHLENEVERLKKLVGS
[2023-06-29 16:43:12,211][rfdiffusion.inference.utils][INFO] - Sampled motif RMSD: 0.13
[2023-06-29 16:43:12,216][rfdiffusion.inference.model_runners][INFO] - Timestep 31, input to next step: GDIEQELERAKESIRRLEQEVNQERSRMQYLQTLLEK----------------------------------QLEDKVEELLSKNYHLENEVERLKKLVGS
[2023-06-29 16:43:12,681][rfdiffusion.inference.utils][INFO] - Sampled motif RMSD: 0.13
[2023-06-29 16:43:12,683][rfdiffusion.inference.model_runners][INFO] - Timestep 30, input to next step: GDIEQELERAKESIRRLEQEVNQERSRMQYLQTLLEK----------------------------------QLEDKVEELLSKNYHLENEVERLKKLVGS
[2023-06-29 16:43:13,123][rfdiffusion.inference.utils][INFO] - Sampled motif RMSD: 0.14
[2023-06-29 16:43:13,126][rfdiffusion.inference.model_runners][INFO] - Timestep 29, input to next step: GDIEQELERAKESIRRLEQEVNQERSRMQYLQTLLEK----------------------------------QLEDKVEELLSKNYHLENEVERLKKLVGS
[2023-06-29 16:43:13,567][rfdiffusion.inference.utils][INFO] - Sampled motif RMSD: 0.13
[2023-06-29 16:43:13,570][rfdiffusion.inference.model_runners][INFO] - Timestep 28, input to next step: GDIEQELERAKESIRRLEQEVNQERSRMQYLQTLLEK----------------------------------QLEDKVEELLSKNYHLENEVERLKKLVGS
[2023-06-29 16:43:14,049][rfdiffusion.inference.utils][INFO] - Sampled motif RMSD: 0.14
[2023-06-29 16:43:14,052][rfdiffusion.inference.model_runners][INFO] - Timestep 27, input to next step: GDIEQELERAKESIRRLEQEVNQERSRMQYLQTLLEK----------------------------------QLEDKVEELLSKNYHLENEVERLKKLVGS
[2023-06-29 16:43:14,596][rfdiffusion.inference.utils][INFO] - Sampled motif RMSD: 0.15
[2023-06-29 16:43:14,598][rfdiffusion.inference.model_runners][INFO] - Timestep 26, input to next step: GDIEQELERAKESIRRLEQEVNQERSRMQYLQTLLEK----------------------------------QLEDKVEELLSKNYHLENEVERLKKLVGS
[2023-06-29 16:43:15,248][rfdiffusion.inference.utils][INFO] - Sampled motif RMSD: 0.15
[2023-06-29 16:43:15,284][rfdiffusion.inference.model_runners][INFO] - Timestep 25, input to next step: GDIEQELERAKESIRRLEQEVNQERSRMQYLQTLLEK----------------------------------QLEDKVEELLSKNYHLENEVERLKKLVGS
[2023-06-29 16:43:16,013][rfdiffusion.inference.utils][INFO] - Sampled motif RMSD: 0.16
[2023-06-29 16:43:16,015][rfdiffusion.inference.model_runners][INFO] - Timestep 24, input to next step: GDIEQELERAKESIRRLEQEVNQERSRMQYLQTLLEK----------------------------------QLEDKVEELLSKNYHLENEVERLKKLVGS
[2023-06-29 16:43:16,482][rfdiffusion.inference.utils][INFO] - Sampled motif RMSD: 0.17
[2023-06-29 16:43:16,484][rfdiffusion.inference.model_runners][INFO] - Timestep 23, input to next step: GDIEQELERAKESIRRLEQEVNQERSRMQYLQTLLEK----------------------------------QLEDKVEELLSKNYHLENEVERLKKLVGS
[2023-06-29 16:43:16,958][rfdiffusion.inference.utils][INFO] - Sampled motif RMSD: 0.18
[2023-06-29 16:43:16,961][rfdiffusion.inference.model_runners][INFO] - Timestep 22, input to next step: GDIEQELERAKESIRRLEQEVNQERSRMQYLQTLLEK----------------------------------QLEDKVEELLSKNYHLENEVERLKKLVGS
[2023-06-29 16:43:17,447][rfdiffusion.inference.utils][INFO] - Sampled motif RMSD: 0.19
[2023-06-29 16:43:17,450][rfdiffusion.inference.model_runners][INFO] - Timestep 21, input to next step: GDIEQELERAKESIRRLEQEVNQERSRMQYLQTLLEK----------------------------------QLEDKVEELLSKNYHLENEVERLKKLVGS
[2023-06-29 16:43:17,938][rfdiffusion.inference.utils][INFO] - Sampled motif RMSD: 0.19
[2023-06-29 16:43:17,944][rfdiffusion.inference.model_runners][INFO] - Timestep 20, input to next step: GDIEQELERAKESIRRLEQEVNQERSRMQYLQTLLEK----------------------------------QLEDKVEELLSKNYHLENEVERLKKLVGS
[2023-06-29 16:43:18,450][rfdiffusion.inference.utils][INFO] - Sampled motif RMSD: 0.20
[2023-06-29 16:43:18,453][rfdiffusion.inference.model_runners][INFO] - Timestep 19, input to next step: GDIEQELERAKESIRRLEQEVNQERSRMQYLQTLLEK----------------------------------QLEDKVEELLSKNYHLENEVERLKKLVGS
[2023-06-29 16:43:18,939][rfdiffusion.inference.utils][INFO] - Sampled motif RMSD: 0.20
[2023-06-29 16:43:18,950][rfdiffusion.inference.model_runners][INFO] - Timestep 18, input to next step: GDIEQELERAKESIRRLEQEVNQERSRMQYLQTLLEK----------------------------------QLEDKVEELLSKNYHLENEVERLKKLVGS
[2023-06-29 16:43:19,476][rfdiffusion.inference.utils][INFO] - Sampled motif RMSD: 0.21
[2023-06-29 16:43:19,478][rfdiffusion.inference.model_runners][INFO] - Timestep 17, input to next step: GDIEQELERAKESIRRLEQEVNQERSRMQYLQTLLEK----------------------------------QLEDKVEELLSKNYHLENEVERLKKLVGS
[2023-06-29 16:43:19,979][rfdiffusion.inference.utils][INFO] - Sampled motif RMSD: 0.21
[2023-06-29 16:43:19,982][rfdiffusion.inference.model_runners][INFO] - Timestep 16, input to next step: GDIEQELERAKESIRRLEQEVNQERSRMQYLQTLLEK----------------------------------QLEDKVEELLSKNYHLENEVERLKKLVGS
[2023-06-29 16:43:20,480][rfdiffusion.inference.utils][INFO] - Sampled motif RMSD: 0.22
[2023-06-29 16:43:20,484][rfdiffusion.inference.model_runners][INFO] - Timestep 15, input to next step: GDIEQELERAKESIRRLEQEVNQERSRMQYLQTLLEK----------------------------------QLEDKVEELLSKNYHLENEVERLKKLVGS
[2023-06-29 16:43:21,112][rfdiffusion.inference.utils][INFO] - Sampled motif RMSD: 0.21
[2023-06-29 16:43:21,117][rfdiffusion.inference.model_runners][INFO] - Timestep 14, input to next step: GDIEQELERAKESIRRLEQEVNQERSRMQYLQTLLEK----------------------------------QLEDKVEELLSKNYHLENEVERLKKLVGS
[2023-06-29 16:43:21,774][rfdiffusion.inference.utils][INFO] - Sampled motif RMSD: 0.22
[2023-06-29 16:43:21,778][rfdiffusion.inference.model_runners][INFO] - Timestep 13, input to next step: GDIEQELERAKESIRRLEQEVNQERSRMQYLQTLLEK----------------------------------QLEDKVEELLSKNYHLENEVERLKKLVGS
[2023-06-29 16:43:22,380][rfdiffusion.inference.utils][INFO] - Sampled motif RMSD: 0.22
[2023-06-29 16:43:22,383][rfdiffusion.inference.model_runners][INFO] - Timestep 12, input to next step: GDIEQELERAKESIRRLEQEVNQERSRMQYLQTLLEK----------------------------------QLEDKVEELLSKNYHLENEVERLKKLVGS
[2023-06-29 16:43:23,062][rfdiffusion.inference.utils][INFO] - Sampled motif RMSD: 0.21
[2023-06-29 16:43:23,067][rfdiffusion.inference.model_runners][INFO] - Timestep 11, input to next step: GDIEQELERAKESIRRLEQEVNQERSRMQYLQTLLEK----------------------------------QLEDKVEELLSKNYHLENEVERLKKLVGS
[2023-06-29 16:43:23,677][rfdiffusion.inference.utils][INFO] - Sampled motif RMSD: 0.22
[2023-06-29 16:43:23,683][rfdiffusion.inference.model_runners][INFO] - Timestep 10, input to next step: GDIEQELERAKESIRRLEQEVNQERSRMQYLQTLLEK----------------------------------QLEDKVEELLSKNYHLENEVERLKKLVGS
[2023-06-29 16:43:24,301][rfdiffusion.inference.utils][INFO] - Sampled motif RMSD: 0.23
[2023-06-29 16:43:24,303][rfdiffusion.inference.model_runners][INFO] - Timestep 9, input to next step: GDIEQELERAKESIRRLEQEVNQERSRMQYLQTLLEK----------------------------------QLEDKVEELLSKNYHLENEVERLKKLVGS
[2023-06-29 16:43:24,907][rfdiffusion.inference.utils][INFO] - Sampled motif RMSD: 0.25
[2023-06-29 16:43:24,919][rfdiffusion.inference.model_runners][INFO] - Timestep 8, input to next step: GDIEQELERAKESIRRLEQEVNQERSRMQYLQTLLEK----------------------------------QLEDKVEELLSKNYHLENEVERLKKLVGS
[2023-06-29 16:43:25,497][rfdiffusion.inference.utils][INFO] - Sampled motif RMSD: 0.25
[2023-06-29 16:43:25,500][rfdiffusion.inference.model_runners][INFO] - Timestep 7, input to next step: GDIEQELERAKESIRRLEQEVNQERSRMQYLQTLLEK----------------------------------QLEDKVEELLSKNYHLENEVERLKKLVGS
[2023-06-29 16:43:26,014][rfdiffusion.inference.utils][INFO] - Sampled motif RMSD: 0.26
[2023-06-29 16:43:26,017][rfdiffusion.inference.model_runners][INFO] - Timestep 6, input to next step: GDIEQELERAKESIRRLEQEVNQERSRMQYLQTLLEK----------------------------------QLEDKVEELLSKNYHLENEVERLKKLVGS
[2023-06-29 16:43:26,521][rfdiffusion.inference.utils][INFO] - Sampled motif RMSD: 0.25
[2023-06-29 16:43:26,526][rfdiffusion.inference.model_runners][INFO] - Timestep 5, input to next step: GDIEQELERAKESIRRLEQEVNQERSRMQYLQTLLEK----------------------------------QLEDKVEELLSKNYHLENEVERLKKLVGS
[2023-06-29 16:43:27,031][rfdiffusion.inference.utils][INFO] - Sampled motif RMSD: 0.23
[2023-06-29 16:43:27,035][rfdiffusion.inference.model_runners][INFO] - Timestep 4, input to next step: GDIEQELERAKESIRRLEQEVNQERSRMQYLQTLLEK----------------------------------QLEDKVEELLSKNYHLENEVERLKKLVGS
[2023-06-29 16:43:27,505][rfdiffusion.inference.utils][INFO] - Sampled motif RMSD: 0.23
[2023-06-29 16:43:27,508][rfdiffusion.inference.model_runners][INFO] - Timestep 3, input to next step: GDIEQELERAKESIRRLEQEVNQERSRMQYLQTLLEK----------------------------------QLEDKVEELLSKNYHLENEVERLKKLVGS
[2023-06-29 16:43:27,971][rfdiffusion.inference.utils][INFO] - Sampled motif RMSD: 0.25
[2023-06-29 16:43:27,974][rfdiffusion.inference.model_runners][INFO] - Timestep 2, input to next step: GDIEQELERAKESIRRLEQEVNQERSRMQYLQTLLEK----------------------------------QLEDKVEELLSKNYHLENEVERLKKLVGS
[2023-06-29 16:43:30,421][__main__][INFO] - Finished design in 0.45 minutes
PyMOL>save /home/nbizjak/prosculpt_dev/prosculpt/examples/two_helices_3cycles_model4/outputs/01/1_rfdiff/_0.pdb
 PyMOL not running, entering library mode (experimental)
_0
[[-2.6340e+00 -3.5999e+01  7.2460e+00]
 [-4.7610e+00 -3.4268e+01  8.4830e+00]
 [-3.0250e+00 -3.3157e+01  1.0678e+01]
 [-9.6800e-01 -3.1791e+01  8.9830e+00]
 [-2.7990e+00 -2.9877e+01  7.5740e+00]
 [-3.7580e+00 -2.8390e+01  9.9780e+00]
 [-1.0910e+00 -2.7324e+01  1.0871e+01]
 [-5.3100e-01 -2.5688e+01  8.3860e+00]
 [-2.8850e+00 -2.3844e+01  8.6630e+00]
 [-2.1480e+00 -2.2641e+01  1.1294e+01]
 [ 4.5200e-01 -2.1417e+01  1.0527e+01]
 [-6.2900e-01 -1.9474e+01  8.4730e+00]
 [-2.4030e+00 -1.7899e+01  1.0383e+01]
 [-2.6700e-01 -1.6867e+01  1.2174e+01]
 [ 1.2160e+00 -1.5226e+01  1.0167e+01]
 [-1.0200e+00 -1.3317e+01  9.4180e+00]
 [-1.5000e+00 -1.2191e+01  1.2153e+01]
 [ 1.1860e+00 -1.0937e+01  1.2483e+01]
 [ 9.2900e-01 -9.0310e+00  1.0184e+01]
 [-1.4710e+00 -7.4990e+00  1.1169e+01]
 [-2.5000e-01 -6.4290e+00  1.3714e+01]
 [ 1.9570e+00 -4.8410e+00  1.2451e+01]
 [ 2.2900e-01 -2.9930e+00  1.0869e+01]
 [-1.2510e+00 -1.7440e+00  1.3224e+01]
 [ 1.1280e+00 -5.6000e-01  1.4653e+01]
 [ 1.8780e+00  1.3850e+00  1.2469e+01]
 [-6.7100e-01  2.9810e+00  1.2491e+01]
 [-4.4000e-01  4.0060e+00  1.5336e+01]
 [ 2.1190e+00  5.5880e+00  1.4978e+01]
 [ 1.0370e+00  7.5120e+00  1.2877e+01]
 [-1.1570e+00  8.7790e+00  1.4525e+01]
 [ 6.3800e-01  9.8870e+00  1.6740e+01]
 [ 2.2300e+00  1.1804e+01  1.4932e+01]
 [-9.9000e-02  1.3552e+01  1.4100e+01]
 [-8.3200e-01  1.4418e+01  1.6921e+01]
 [ 1.7790e+00  1.5753e+01  1.7656e+01]
 [ 1.6800e+00  1.7998e+01  1.5753e+01]
 [-8.9500e-01  1.9145e+01  1.7212e+01]
 [-1.4300e-01  1.9351e+01  2.0138e+01]
 [ 2.1180e+00  2.1278e+01  1.9908e+01]
 [ 5.7200e-01  2.3547e+01  1.8818e+01]
 [-1.4340e+00  2.3867e+01  2.1056e+01]
 [ 5.8200e-01  2.4454e+01  2.3272e+01]
 [ 1.7060e+00  2.6963e+01  2.2114e+01]
 [-8.1200e-01  2.8579e+01  2.2099e+01]
 [-1.4470e+00  2.8416e+01  2.5073e+01]
 [ 1.0890e+00  2.9743e+01  2.6038e+01]
 [ 7.0400e-01  3.2407e+01  2.4718e+01]
 [-1.9850e+00  3.3115e+01  2.6060e+01]
 [-1.0420e+00  3.3058e+01  2.8927e+01]
 [ 9.8500e-01  3.5313e+01  2.8619e+01]
 [-8.3200e-01  3.7493e+01  2.7822e+01]
 [-2.6890e+00  3.7433e+01  3.0193e+01]
 [-6.5900e-01  3.8040e+01  3.2351e+01]
 [ 6.2000e-02  4.0801e+01  3.1312e+01]
 [-2.6550e+00  4.2095e+01  3.1675e+01]
 [-2.9750e+00  4.1679e+01  3.4885e+01]
 [-1.0220e+00  4.3636e+01  3.6432e+01]
 [-3.3000e+00  4.5980e+01  3.6849e+01]
 [-5.4230e+00  4.4892e+01  3.8962e+01]
 [-6.9150e+00  4.4147e+01  4.1474e+01]
 [-7.4200e+00  4.1108e+01  4.0481e+01]
 [-5.4590e+00  3.8997e+01  3.9883e+01]
 [-6.7320e+00  3.6504e+01  4.1177e+01]
 [-9.2260e+00  3.6421e+01  3.9163e+01]
 [-7.7270e+00  3.6272e+01  3.6620e+01]
 [-6.3400e+00  3.3718e+01  3.7054e+01]
 [-8.8090e+00  3.1921e+01  3.7324e+01]
 [-9.8470e+00  3.2490e+01  3.4488e+01]
 [-7.6300e+00  3.1408e+01  3.2935e+01]
 [-7.8230e+00  2.8653e+01  3.3767e+01]
 [-1.0599e+01  2.8082e+01  3.2834e+01]
 [-1.0095e+01  2.8694e+01  2.9852e+01]
 [-8.0270e+00  2.6659e+01  2.9305e+01]
 [-9.7950e+00  2.4220e+01  2.9923e+01]
 [-1.1895e+01  2.4795e+01  2.7775e+01]
 [-1.0105e+01  2.4742e+01  2.5388e+01]
 [-9.1270e+00  2.1971e+01  2.5587e+01]
 [-1.1765e+01  2.0577e+01  2.5408e+01]
 [-1.2790e+01  2.1729e+01  2.2733e+01]
 [-1.0167e+01  2.0890e+01  2.0955e+01]
 [-9.8100e+00  1.8011e+01  2.0424e+01]
 [-1.1517e+01  1.7736e+01  1.7954e+01]
 [-1.0132e+01  1.9695e+01  1.6220e+01]
 [-7.4700e+00  1.8287e+01  1.6078e+01]
 [-8.4160e+00  1.5769e+01  1.4712e+01]
 [-9.5700e+00  1.7042e+01  1.2213e+01]
 [-7.1470e+00  1.8466e+01  1.1167e+01]
 [-5.4270e+00  1.6032e+01  1.0783e+01]
 [-7.1080e+00  1.4565e+01  8.7740e+00]
 [-7.2480e+00  1.6754e+01  6.6340e+00]
 [-4.2820e+00  1.7103e+01  6.1320e+00]
 [-3.6590e+00  1.4369e+01  5.2590e+00]
 [-5.5430e+00  1.4363e+01  2.8800e+00]
 [-4.4050e+00  1.6744e+01  1.4200e+00]
 [-1.6700e+00  1.5588e+01  8.6500e-01]
 [-2.6700e+00  1.3254e+01 -8.7900e-01]
 [-4.0570e+00  1.4863e+01 -3.0660e+00]
 [-1.6060e+00  1.6403e+01 -4.0180e+00]
 [-5.0000e-03  1.4025e+01 -4.9720e+00]
 [-1.9890e+00  1.3027e+01 -7.0730e+00]
 [-2.0620e+00  1.5480e+01 -8.8360e+00]
 [ 8.3100e-01  1.5446e+01 -9.7490e+00]
 [ 8.3000e-01  1.2759e+01 -1.1104e+01]
 [-1.2390e+00  1.3380e+01 -1.3205e+01]
 [ 4.1300e-01  1.5473e+01 -1.4670e+01]
 [ 2.6640e+00  1.3740e+01 -1.5531e+01]
 [ 1.0960e+00  1.1784e+01 -1.7179e+01]
 [-2.6000e-02  1.3728e+01 -1.9220e+01]
 [ 2.6670e+00  1.4599e+01 -2.0393e+01]
 [ 3.5180e+00  1.1850e+01 -2.1428e+01]
 [ 1.3130e+00  1.1449e+01 -2.3424e+01]
 [ 2.0080e+00  1.3788e+01 -2.5197e+01]
 [ 4.7870e+00  1.2981e+01 -2.5950e+01]
 [ 4.1090e+00  1.0375e+01 -2.7335e+01]
 [ 2.4040e+00  1.1564e+01 -2.9564e+01]
 [ 4.6940e+00  1.3254e+01 -3.0848e+01]
 [ 6.5150e+00  1.0862e+01 -3.1566e+01]
 [ 4.5320e+00  9.4240e+00 -3.3399e+01]
 [ 4.2050e+00  1.1921e+01 -3.5411e+01]]
[[-3.9960e+00 -3.6240e+01  7.2280e+00]
 [-4.4720e+00 -3.4844e+01  9.6220e+00]
 [-1.9510e+00 -3.3708e+01  1.0169e+01]
 [-1.6910e+00 -3.2050e+01  7.8990e+00]
 [-3.8100e+00 -3.0245e+01  8.3630e+00]
 [-2.8570e+00 -2.9035e+01  1.0753e+01]
 [-5.5100e-01 -2.7763e+01  9.7080e+00]
 [-1.7580e+00 -2.5935e+01  8.0240e+00]
 [-3.1310e+00 -2.4357e+01  9.8300e+00]
 [-9.7400e-01 -2.3283e+01  1.1259e+01]
 [ 2.0600e-01 -2.1672e+01  9.1980e+00]
 [-1.8880e+00 -1.9777e+01  8.8800e+00]
 [-1.8610e+00 -1.8578e+01  1.1411e+01]
 [ 6.3000e-01 -1.7322e+01  1.1314e+01]
 [ 2.8000e-01 -1.5398e+01  9.2360e+00]
 [-1.7630e+00 -1.3867e+01  1.0370e+01]
 [-3.9700e-01 -1.2817e+01  1.2584e+01]
 [ 1.4150e+00 -1.1214e+01  1.1210e+01]
 [-3.4600e-01 -9.3710e+00  1.0037e+01]
 [-1.3650e+00 -8.1180e+00  1.2316e+01]
 [ 9.3900e-01 -6.8970e+00  1.3340e+01]
 [ 1.4250e+00 -5.1030e+00  1.1278e+01]
 [-8.4200e-01 -3.4470e+00  1.1496e+01]
 [-4.1400e-01 -2.3770e+00  1.4039e+01]
 [ 1.8640e+00 -8.1800e-01  1.3562e+01]
 [ 7.5200e-01  1.0830e+00  1.1841e+01]
 [-9.9300e-01  2.3510e+00  1.3601e+01]
 [ 8.1400e-01  3.5410e+00  1.5379e+01]
 [ 1.9810e+00  5.3820e+00  1.3667e+01]
 [-1.6800e-01  7.0660e+00  1.3060e+01]
 [-6.7100e-01  8.1420e+00  1.5601e+01]
 [ 1.7000e+00  9.6080e+00  1.5906e+01]
 [ 1.3690e+00  1.1581e+01  1.3951e+01]
 [-8.2000e-01  1.2896e+01  1.4987e+01]
 [ 2.7900e-01  1.3827e+01  1.7354e+01]
 [ 2.1340e+00  1.5662e+01  1.6377e+01]
 [ 4.4600e-01  1.7687e+01  1.5752e+01]
 [-9.0700e-01  1.8203e+01  1.8100e+01]
 [ 1.0490e+00  1.9064e+01  1.9827e+01]
 [ 1.8220e+00  2.1434e+01  1.8662e+01]
 [-5.7400e-01  2.2885e+01  1.8971e+01]
 [-7.1400e-01  2.3007e+01  2.1762e+01]
 [ 1.4930e+00  2.4522e+01  2.2333e+01]
 [ 7.9200e-01  2.6962e+01  2.1171e+01]
 [-1.4660e+00  2.7622e+01  2.2744e+01]
 [-2.6200e-01  2.7866e+01  2.5198e+01]
 [ 1.4230e+00  3.0055e+01  2.4788e+01]
 [-5.7500e-01  3.2051e+01  2.4347e+01]
 [-1.8490e+00  3.2063e+01  2.6828e+01]
 [ 1.6100e-01  3.3006e+01  2.8392e+01]
 [ 6.1000e-01  3.5537e+01  2.7438e+01]
 [-1.8650e+00  3.6711e+01  2.7990e+01]
 [-1.8890e+00  3.6579e+01  3.0801e+01]
 [ 1.7100e-01  3.8343e+01  3.1346e+01]
 [-9.4900e-01  4.0740e+01  3.0534e+01]
 [-2.9800e+00  4.1052e+01  3.2506e+01]
 [-1.6070e+00  4.1841e+01  3.4854e+01]
 [-1.7030e+00  4.4430e+01  3.5801e+01]
 [-4.0810e+00  4.4935e+01  3.6901e+01]
 [-6.3240e+00  4.5581e+01  3.9564e+01]
 [-7.6480e+00  4.3528e+01  4.0860e+01]
 [-6.1720e+00  4.1319e+01  4.0271e+01]
 [-5.4310e+00  3.8591e+01  4.1221e+01]
 [-7.9700e+00  3.7129e+01  4.1156e+01]
 [-8.6800e+00  3.7424e+01  3.8574e+01]
 [-6.6170e+00  3.6155e+01  3.7251e+01]
 [-7.0700e+00  3.3444e+01  3.8166e+01]
 [-9.5030e+00  3.2970e+01  3.6876e+01]
 [-8.7910e+00  3.3114e+01  3.4273e+01]
 [-7.1370e+00  3.1006e+01  3.3977e+01]
 [-8.9250e+00  2.8884e+01  3.4448e+01]
 [-1.0587e+01  2.9281e+01  3.2190e+01]
 [-8.8200e+00  2.8846e+01  3.0105e+01]
 [-8.3010e+00  2.6085e+01  3.0508e+01]
 [-1.0825e+01  2.5067e+01  2.9973e+01]
 [-1.1172e+01  2.5755e+01  2.7360e+01]
 [-9.1880e+00  2.4370e+01  2.6129e+01]
 [-9.9400e+00  2.1761e+01  2.6555e+01]
 [-1.2390e+01  2.1710e+01  2.5160e+01]
 [-1.1543e+01  2.2097e+01  2.2600e+01]
 [-1.0047e+01  2.0040e+01  2.1796e+01]
 [-1.1005e+01  1.7805e+01  2.0360e+01]
 [-1.1674e+01  1.8980e+01  1.7999e+01]
 [-9.1910e+00  1.9709e+01  1.7111e+01]
 [-8.0150e+00  1.7278e+01  1.6613e+01]
 [-9.5680e+00  1.6320e+01  1.4565e+01]
 [-9.1580e+00  1.8233e+01  1.2565e+01]
 [-6.4980e+00  1.7830e+01  1.2075e+01]
 [-6.4180e+00  1.5221e+01  1.1043e+01]
 [-7.9220e+00  1.5620e+01  8.7100e+00]
 [-6.4140e+00  1.7481e+01  7.3010e+00]
 [-4.0320e+00  1.6119e+01  6.9480e+00]
 [-4.9250e+00  1.4058e+01  5.2430e+00]
 [-5.7920e+00  1.5643e+01  3.1280e+00]
 [-3.3470e+00  1.6716e+01  2.2690e+00]
 [-2.1530e+00  1.4401e+01  1.2350e+00]
 [-3.9080e+00  1.3748e+01 -8.7800e-01]
 [-3.5130e+00  1.5964e+01 -2.5270e+00]
 [-8.5700e-01  1.5587e+01 -3.2740e+00]
 [-1.0520e+00  1.3245e+01 -4.8070e+00]
 [-2.6630e+00  1.4128e+01 -6.8680e+00]
 [-1.0120e+00  1.5955e+01 -8.2010e+00]
 [ 1.0080e+00  1.4282e+01 -9.1800e+00]
 [-4.9500e-01  1.2745e+01 -1.0947e+01]
 [-1.0530e+00  1.4659e+01 -1.2869e+01]
 [ 1.4410e+00  1.5165e+01 -1.3941e+01]
 [ 2.0210e+00  1.2693e+01 -1.5087e+01]
 [-6.0000e-03  1.2569e+01 -1.7050e+01]
 [ 8.4700e-01  1.4691e+01 -1.8740e+01]
 [ 3.2320e+00  1.3589e+01 -1.9712e+01]
 [ 2.3030e+00  1.1443e+01 -2.1172e+01]
 [ 9.9100e-01  1.2698e+01 -2.3240e+01]
 [ 3.0870e+00  1.3991e+01 -2.4486e+01]
 [ 4.5820e+00  1.1791e+01 -2.5378e+01]
 [ 2.7820e+00  1.0733e+01 -2.7280e+01]
 [ 2.9250e+00  1.2804e+01 -2.9198e+01]
 [ 5.5590e+00  1.2558e+01 -3.0060e+01]
 [ 5.4960e+00  1.0044e+01 -3.1223e+01]
 [ 3.8170e+00  1.0619e+01 -3.3360e+01]
 [ 5.3290e+00  1.2468e+01 -3.4807e+01]]
[0, ' ']
fresi 1- 
 Save: wrote "/home/nbizjak/prosculpt_dev/prosculpt/examples/two_helices_3cycles_model4/outputs/01/1_rfdiff/_0.pdb".
PyMOL>save /home/nbizjak/prosculpt_dev/prosculpt/examples/two_helices_3cycles_model4/outputs/01/1_rfdiff/_1.pdb
 PyMOL not running, entering library mode (experimental)
_1
[[ -2.79  -36.113   7.231]
 [ -4.735 -34.452   8.5  ]
 [ -3.054 -33.353  10.662]
 [ -0.984 -31.977   8.896]
 [ -2.839 -30.067   7.533]
 [ -3.764 -28.577   9.947]
 [ -1.077 -27.527  10.843]
 [ -0.465 -25.915   8.341]
 [ -2.896 -24.024   8.541]
 [ -2.133 -22.804  11.26 ]
 [  0.459 -21.575  10.412]
 [ -0.633 -19.653   8.422]
 [ -2.384 -18.087  10.304]
 [ -0.243 -17.042  12.114]
 [  1.225 -15.388  10.068]
 [ -1.006 -13.486   9.332]
 [ -1.475 -12.358  12.082]
 [  1.215 -11.098  12.394]
 [  0.933  -9.182  10.097]
 [ -1.464  -7.664  11.115]
 [ -0.208  -6.596  13.651]
 [  1.979  -4.988  12.349]
 [  0.21   -3.139  10.793]
 [ -1.232  -1.907  13.173]
 [  1.156  -0.715  14.559]
 [  1.859   1.251  12.381]
 [ -0.69    2.826  12.451]
 [ -0.392   3.822  15.306]
 [  2.118   5.437  14.905]
 [  1.002   7.358  12.861]
 [ -1.187   8.598  14.545]
 [  0.634   9.717  16.679]
 [  2.11   11.664  14.951]
 [ -0.269  13.377  14.196]
 [ -0.944  14.151  17.062]
 [  1.521  15.577  17.83 ]
 [  1.016  17.912  16.028]
 [ -1.319  18.785  17.949]
 [ -0.137  19.053  20.646]
 [  1.763  21.294  19.946]
 [ -0.385  23.3    19.318]
 [ -1.86   23.356  21.953]
 [  0.543  24.317  23.677]
 [  0.863  27.029  22.309]
 [ -1.885  28.093  22.989]
 [ -1.675  27.897  26.026]
 [  0.673  29.91   26.303]
 [ -1.002  32.291  25.177]
 [ -3.676  31.646  26.951]
 [ -4.474  31.796  29.852]
 [ -7.64   32.333  29.383]
 [ -9.286  29.633  29.232]
 [-11.11   27.081  29.703]
 [-12.062  24.216  29.296]
 [-13.738  24.725  26.796]
 [-11.459  25.714  25.077]
 [ -9.821  23.24   25.124]
 [-11.711  21.403  23.767]
 [-11.833  22.914  21.206]
 [ -9.019  22.758  20.401]
 [ -8.886  19.734  20.168]
 [-10.98   19.32   18.028]
 [ -9.757  20.997  15.881]
 [ -7.069  19.631  15.669]
 [ -8.03   16.915  14.81 ]
 [ -9.348  17.757  12.251]
 [ -7.011  19.071  10.901]
 [ -5.196  16.637  10.805]
 [ -6.898  14.936   9.017]
 [ -7.086  16.86    6.656]
 [ -4.134  17.183   6.065]
 [ -3.544  14.396   5.281]
 [ -5.459  14.366   2.897]
 [ -4.343  16.713   1.372]
 [ -1.633  15.52    0.809]
 [ -2.633  13.23   -0.912]
 [ -4.003  14.842  -3.101]
 [ -1.551  16.361  -4.071]
 [  0.044  13.991  -5.013]
 [ -1.945  12.992  -7.118]
 [ -2.012  15.466  -8.89 ]
 [  0.888  15.403  -9.799]
 [  0.847  12.723 -11.171]
 [ -1.202  13.38  -13.264]
 [  0.442  15.437 -14.717]
 [  2.704  13.725 -15.592]
 [  1.105  11.773 -17.272]
 [  0.041  13.738 -19.296]
 [  2.67   14.587 -20.451]
 [  3.614  11.837 -21.478]
 [  1.338  11.401 -23.491]
 [  2.03   13.762 -25.26 ]
 [  4.815  12.975 -26.02 ]
 [  4.111  10.349 -27.432]
 [  2.448  11.577 -29.657]
 [  4.697  13.226 -30.924]
 [  6.58   10.851 -31.632]
 [  4.56    9.342 -33.468]
 [  4.221  11.887 -35.529]]
[[ -3.979 -36.43    7.248]
 [ -4.521 -35.032   9.624]
 [ -1.949 -33.889  10.106]
 [ -1.736 -32.243   7.847]
 [ -3.85  -30.429   8.329]
 [ -2.854 -29.228  10.751]
 [ -0.471 -27.985   9.669]
 [ -1.776 -26.113   7.88 ]
 [ -3.147 -24.513   9.81 ]
 [ -0.958 -23.442  11.161]
 [  0.207 -21.853   9.135]
 [ -1.875 -19.963   8.796]
 [ -1.838 -18.76   11.369]
 [  0.659 -17.487  11.219]
 [  0.293 -15.566   9.133]
 [ -1.753 -14.033  10.3  ]
 [ -0.361 -12.984  12.505]
 [  1.437 -11.366  11.112]
 [ -0.338  -9.525   9.964]
 [ -1.334  -8.285  12.262]
 [  0.979  -7.049  13.246]
 [  1.421  -5.244  11.187]
 [ -0.838  -3.6    11.432]
 [ -0.38   -2.54   13.957]
 [  1.873  -0.96   13.459]
 [  0.737   0.944  11.761]
 [ -0.958   2.178  13.565]
 [  0.851   3.367  15.312]
 [  1.98    5.23   13.616]
 [ -0.212   6.906  13.047]
 [ -0.66    7.959  15.545]
 [  1.651   9.436  15.887]
 [  1.241  11.445  13.977]
 [ -0.932  12.685  15.084]
 [  0.145  13.563  17.509]
 [  1.732  15.606  16.5  ]
 [ -0.155  17.456  16.237]
 [ -1.173  17.801  18.799]
 [  1.038  18.946  20.041]
 [  1.098  21.398  18.833]
 [ -1.367  22.471  19.712]
 [ -0.809  22.623  22.513]
 [  1.192  24.599  22.509]
 [ -0.267  26.81   21.653]
 [ -2.098  27.038  23.76 ]
 [ -0.322  27.714  25.811]
 [  0.321  30.219  25.081]
 [ -1.981  31.516  25.173]
 [ -2.99   31.754  27.89 ]
 [ -5.188  32.51   29.289]
 [ -7.514  31.265  28.731]
 [-10.673  29.444  29.175]
 [-11.375  26.151  30.651]
 [-13.311  24.67   29.218]
 [-13.248  25.938  26.75 ]
 [-10.687  25.359  26.026]
 [-10.76   22.587  25.702]
 [-12.418  22.427  23.546]
 [-10.932  23.718  21.615]
 [ -8.849  21.886  21.359]
 [-10.178  19.659  20.329]
 [-11.112  20.573  17.89 ]
 [ -8.701  21.197  16.636]
 [ -7.52   18.682  16.444]
 [ -9.232  17.371  14.678]
 [ -8.957  18.995  12.403]
 [ -6.272  18.573  11.877]
 [ -6.174  15.892  11.165]
 [ -7.732  15.947   8.847]
 [ -6.23   17.648   7.267]
 [ -3.883  16.198   6.921]
 [ -4.832  14.106   5.263]
 [ -5.725  15.651   3.108]
 [ -3.297  16.667   2.211]
 [ -2.101  14.375   1.199]
 [ -3.852  13.731  -0.911]
 [ -3.457  15.937  -2.574]
 [ -0.796  15.565  -3.319]
 [ -1.004  13.204  -4.853]
 [ -2.618  14.112  -6.926]
 [ -0.954  15.917  -8.251]
 [  1.036  14.239  -9.242]
 [ -0.457  12.733 -11.01 ]
 [ -1.022  14.625 -12.915]
 [  1.486  15.145 -13.994]
 [  2.033  12.667 -15.175]
 [  0.056  12.575 -17.128]
 [  0.852  14.683 -18.797]
 [  3.338  13.578 -19.761]
 [  2.332  11.383 -21.24 ]
 [  1.013  12.673 -23.303]
 [  3.12   13.982 -24.549]
 [  4.592  11.755 -25.47 ]
 [  2.818  10.747 -27.37 ]
 [  2.93   12.785 -29.27 ]
 [  5.635  12.554 -30.127]
 [  5.531   9.959 -31.294]
 [  3.834  10.595 -33.472]
 [  5.336  12.436 -34.896]]
[0, ' ']
fresi 1- 
 Save: wrote "/home/nbizjak/prosculpt_dev/prosculpt/examples/two_helices_3cycles_model4/outputs/01/1_rfdiff/_1.pdb".
/bin/sh: git: command not found
/bin/sh: git: command not found
----------------------------------------
pssm_jsonl is NOT loaded
----------------------------------------
omit_AA_jsonl is NOT loaded
----------------------------------------
bias_AA_jsonl is NOT loaded
----------------------------------------
tied_positions_jsonl is NOT loaded
----------------------------------------
bias by residue dictionary is not loaded, or not provided
----------------------------------------
discarded {'bad_chars': 0, 'too_long': 0, 'bad_seq_length': 0}
----------------------------------------
Number of edges: 48
Training noise level: 0.2A
Generating sequences for: _0
2 sequences of length 121 generated in 2.2622 seconds
Generating sequences for: _1
2 sequences of length 100 generated in 1.0105 seconds
/home/nbizjak/projects/11_04_2023_rigid_connections/.venv/lib/python3.10/site-packages/Bio/PDB/PDBParser.py:395: PDBConstructionWarning: Ignoring unrecognized record 'END' at line 486
  warnings.warn(
SETTING UP AF2 RUNNING AS nbizjak@compute-0-12
SETTING UP PROXY
RUNNING IN:
/home/nbizjak/prosculpt_dev/prosculpt/examples/two_helices_3cycles_model4
Free device is 3
2023-06-29 16:43:38,923 Running colabfold 1.5.2 (8c745219964d6bfb878dd6fb53b5a2a05b009391)
2023-06-29 16:43:41,267 Running on GPU
2023-06-29 16:43:41,742 Found 1 citations for tools or databases
2023-06-29 16:43:41,743 Query 1/3: _0__score_2.6586__global_score_2.5639__fixed_chains_____designed_chains___A____model_name_v_48_020__git_hash_unknown__seed_30 (length 121)
2023-06-29 16:44:04,913 alphafold2_multimer_v3_model_1_seed_000 recycle=0 pLDDT=52.2 pTM=0.299
2023-06-29 16:44:05,379 alphafold2_multimer_v3_model_1_seed_000 recycle=1 pLDDT=56.8 pTM=0.394 tol=12.9
2023-06-29 16:44:05,839 alphafold2_multimer_v3_model_1_seed_000 recycle=2 pLDDT=54.8 pTM=0.336 tol=2.82
2023-06-29 16:44:06,296 alphafold2_multimer_v3_model_1_seed_000 recycle=3 pLDDT=54.8 pTM=0.323 tol=4.76
2023-06-29 16:44:06,792 alphafold2_multimer_v3_model_1_seed_000 recycle=4 pLDDT=54.3 pTM=0.326 tol=3
2023-06-29 16:44:07,351 alphafold2_multimer_v3_model_1_seed_000 recycle=5 pLDDT=53.7 pTM=0.355 tol=2.56
2023-06-29 16:44:07,808 alphafold2_multimer_v3_model_1_seed_000 recycle=6 pLDDT=54.2 pTM=0.348 tol=1.8
2023-06-29 16:44:08,266 alphafold2_multimer_v3_model_1_seed_000 recycle=7 pLDDT=55.7 pTM=0.32 tol=2.4
2023-06-29 16:44:08,727 alphafold2_multimer_v3_model_1_seed_000 recycle=8 pLDDT=54.6 pTM=0.32 tol=2.33
2023-06-29 16:44:09,192 alphafold2_multimer_v3_model_1_seed_000 recycle=9 pLDDT=53.1 pTM=0.336 tol=2.69
2023-06-29 16:44:09,654 alphafold2_multimer_v3_model_1_seed_000 recycle=10 pLDDT=55.7 pTM=0.373 tol=2.15
2023-06-29 16:44:10,124 alphafold2_multimer_v3_model_1_seed_000 recycle=11 pLDDT=56.6 pTM=0.366 tol=2.87
2023-06-29 16:44:10,584 alphafold2_multimer_v3_model_1_seed_000 recycle=12 pLDDT=55.7 pTM=0.338 tol=2.69
2023-06-29 16:44:11,048 alphafold2_multimer_v3_model_1_seed_000 recycle=13 pLDDT=55.6 pTM=0.32 tol=4.88
2023-06-29 16:44:11,514 alphafold2_multimer_v3_model_1_seed_000 recycle=14 pLDDT=55.2 pTM=0.319 tol=1.89
2023-06-29 16:44:11,988 alphafold2_multimer_v3_model_1_seed_000 recycle=15 pLDDT=53.8 pTM=0.34 tol=3.04
2023-06-29 16:44:12,452 alphafold2_multimer_v3_model_1_seed_000 recycle=16 pLDDT=55.4 pTM=0.363 tol=2.72
2023-06-29 16:44:12,923 alphafold2_multimer_v3_model_1_seed_000 recycle=17 pLDDT=55.2 pTM=0.336 tol=2.21
2023-06-29 16:44:13,389 alphafold2_multimer_v3_model_1_seed_000 recycle=18 pLDDT=54.2 pTM=0.328 tol=1.66
2023-06-29 16:44:13,866 alphafold2_multimer_v3_model_1_seed_000 recycle=19 pLDDT=54 pTM=0.325 tol=0.98
2023-06-29 16:44:14,321 alphafold2_multimer_v3_model_1_seed_000 recycle=20 pLDDT=53.9 pTM=0.343 tol=2.43
2023-06-29 16:44:14,322 alphafold2_multimer_v3_model_1_seed_000 took 29.3s (20 recycles)
2023-06-29 16:44:14,849 alphafold2_multimer_v3_model_2_seed_000 recycle=0 pLDDT=48.3 pTM=0.29
2023-06-29 16:44:15,306 alphafold2_multimer_v3_model_2_seed_000 recycle=1 pLDDT=59.4 pTM=0.455 tol=8.71
2023-06-29 16:44:15,762 alphafold2_multimer_v3_model_2_seed_000 recycle=2 pLDDT=59.2 pTM=0.444 tol=2.44
2023-06-29 16:44:16,219 alphafold2_multimer_v3_model_2_seed_000 recycle=3 pLDDT=57.2 pTM=0.401 tol=3.85
2023-06-29 16:44:16,687 alphafold2_multimer_v3_model_2_seed_000 recycle=4 pLDDT=57.6 pTM=0.395 tol=2.3
2023-06-29 16:44:17,145 alphafold2_multimer_v3_model_2_seed_000 recycle=5 pLDDT=56.1 pTM=0.384 tol=1.12
2023-06-29 16:44:17,612 alphafold2_multimer_v3_model_2_seed_000 recycle=6 pLDDT=56.8 pTM=0.391 tol=1.68
2023-06-29 16:44:18,071 alphafold2_multimer_v3_model_2_seed_000 recycle=7 pLDDT=56.5 pTM=0.386 tol=0.741
2023-06-29 16:44:18,538 alphafold2_multimer_v3_model_2_seed_000 recycle=8 pLDDT=56.8 pTM=0.393 tol=2.61
2023-06-29 16:44:18,995 alphafold2_multimer_v3_model_2_seed_000 recycle=9 pLDDT=56.6 pTM=0.396 tol=0.6
2023-06-29 16:44:19,464 alphafold2_multimer_v3_model_2_seed_000 recycle=10 pLDDT=57.2 pTM=0.411 tol=1.63
2023-06-29 16:44:19,921 alphafold2_multimer_v3_model_2_seed_000 recycle=11 pLDDT=57.8 pTM=0.418 tol=1.64
2023-06-29 16:44:20,382 alphafold2_multimer_v3_model_2_seed_000 recycle=12 pLDDT=57.4 pTM=0.412 tol=1.04
2023-06-29 16:44:20,842 alphafold2_multimer_v3_model_2_seed_000 recycle=13 pLDDT=57.8 pTM=0.417 tol=0.955
2023-06-29 16:44:21,307 alphafold2_multimer_v3_model_2_seed_000 recycle=14 pLDDT=57.2 pTM=0.411 tol=2.69
2023-06-29 16:44:21,769 alphafold2_multimer_v3_model_2_seed_000 recycle=15 pLDDT=57.7 pTM=0.421 tol=1.73
2023-06-29 16:44:22,233 alphafold2_multimer_v3_model_2_seed_000 recycle=16 pLDDT=58.2 pTM=0.426 tol=1.06
2023-06-29 16:44:22,691 alphafold2_multimer_v3_model_2_seed_000 recycle=17 pLDDT=58.2 pTM=0.429 tol=1.28
2023-06-29 16:44:23,149 alphafold2_multimer_v3_model_2_seed_000 recycle=18 pLDDT=58 pTM=0.421 tol=0.854
2023-06-29 16:44:23,608 alphafold2_multimer_v3_model_2_seed_000 recycle=19 pLDDT=57.5 pTM=0.417 tol=1.31
2023-06-29 16:44:24,080 alphafold2_multimer_v3_model_2_seed_000 recycle=20 pLDDT=57 pTM=0.406 tol=0.956
2023-06-29 16:44:24,081 alphafold2_multimer_v3_model_2_seed_000 took 9.7s (20 recycles)
2023-06-29 16:44:24,597 alphafold2_multimer_v3_model_3_seed_000 recycle=0 pLDDT=57.4 pTM=0.439
2023-06-29 16:44:25,066 alphafold2_multimer_v3_model_3_seed_000 recycle=1 pLDDT=60.7 pTM=0.44 tol=14.8
2023-06-29 16:44:25,540 alphafold2_multimer_v3_model_3_seed_000 recycle=2 pLDDT=59.5 pTM=0.405 tol=1.95
2023-06-29 16:44:26,011 alphafold2_multimer_v3_model_3_seed_000 recycle=3 pLDDT=58.7 pTM=0.394 tol=1.77
2023-06-29 16:44:26,468 alphafold2_multimer_v3_model_3_seed_000 recycle=4 pLDDT=59.2 pTM=0.413 tol=0.9
2023-06-29 16:44:26,931 alphafold2_multimer_v3_model_3_seed_000 recycle=5 pLDDT=59.2 pTM=0.413 tol=0.542
2023-06-29 16:44:27,400 alphafold2_multimer_v3_model_3_seed_000 recycle=6 pLDDT=58.2 pTM=0.402 tol=1.68
2023-06-29 16:44:27,870 alphafold2_multimer_v3_model_3_seed_000 recycle=7 pLDDT=58.7 pTM=0.405 tol=0.794
2023-06-29 16:44:28,340 alphafold2_multimer_v3_model_3_seed_000 recycle=8 pLDDT=58.4 pTM=0.41 tol=0.877
2023-06-29 16:44:28,811 alphafold2_multimer_v3_model_3_seed_000 recycle=9 pLDDT=58.1 pTM=0.404 tol=0.817
2023-06-29 16:44:29,281 alphafold2_multimer_v3_model_3_seed_000 recycle=10 pLDDT=57.8 pTM=0.402 tol=0.654
2023-06-29 16:44:29,756 alphafold2_multimer_v3_model_3_seed_000 recycle=11 pLDDT=57.5 pTM=0.395 tol=1.28
2023-06-29 16:44:30,233 alphafold2_multimer_v3_model_3_seed_000 recycle=12 pLDDT=57.4 pTM=0.386 tol=0.771
2023-06-29 16:44:30,706 alphafold2_multimer_v3_model_3_seed_000 recycle=13 pLDDT=57.9 pTM=0.402 tol=0.696
2023-06-29 16:44:31,173 alphafold2_multimer_v3_model_3_seed_000 recycle=14 pLDDT=58.4 pTM=0.414 tol=0.659
2023-06-29 16:44:31,640 alphafold2_multimer_v3_model_3_seed_000 recycle=15 pLDDT=58.6 pTM=0.418 tol=0.538
2023-06-29 16:44:32,112 alphafold2_multimer_v3_model_3_seed_000 recycle=16 pLDDT=58.8 pTM=0.427 tol=1.08
2023-06-29 16:44:32,617 alphafold2_multimer_v3_model_3_seed_000 recycle=17 pLDDT=59.3 pTM=0.436 tol=1.56
2023-06-29 16:44:33,125 alphafold2_multimer_v3_model_3_seed_000 recycle=18 pLDDT=59.2 pTM=0.433 tol=0.436
2023-06-29 16:44:33,125 alphafold2_multimer_v3_model_3_seed_000 took 9.0s (18 recycles)
2023-06-29 16:44:33,638 alphafold2_multimer_v3_model_4_seed_000 recycle=0 pLDDT=51.3 pTM=0.311
2023-06-29 16:44:34,102 alphafold2_multimer_v3_model_4_seed_000 recycle=1 pLDDT=59.8 pTM=0.459 tol=6.61
2023-06-29 16:44:34,565 alphafold2_multimer_v3_model_4_seed_000 recycle=2 pLDDT=59.1 pTM=0.445 tol=4.37
2023-06-29 16:44:35,023 alphafold2_multimer_v3_model_4_seed_000 recycle=3 pLDDT=58.5 pTM=0.423 tol=2.06
2023-06-29 16:44:35,486 alphafold2_multimer_v3_model_4_seed_000 recycle=4 pLDDT=59.3 pTM=0.434 tol=1.39
2023-06-29 16:44:35,957 alphafold2_multimer_v3_model_4_seed_000 recycle=5 pLDDT=58.6 pTM=0.425 tol=1.18
2023-06-29 16:44:36,414 alphafold2_multimer_v3_model_4_seed_000 recycle=6 pLDDT=58.4 pTM=0.428 tol=0.691
2023-06-29 16:44:36,862 alphafold2_multimer_v3_model_4_seed_000 recycle=7 pLDDT=59.2 pTM=0.435 tol=0.565
2023-06-29 16:44:37,319 alphafold2_multimer_v3_model_4_seed_000 recycle=8 pLDDT=58.6 pTM=0.431 tol=0.637
2023-06-29 16:44:37,780 alphafold2_multimer_v3_model_4_seed_000 recycle=9 pLDDT=58.4 pTM=0.425 tol=0.401
2023-06-29 16:44:37,781 alphafold2_multimer_v3_model_4_seed_000 took 4.6s (9 recycles)
2023-06-29 16:44:38,307 alphafold2_multimer_v3_model_5_seed_000 recycle=0 pLDDT=48.8 pTM=0.298
2023-06-29 16:44:38,763 alphafold2_multimer_v3_model_5_seed_000 recycle=1 pLDDT=53.2 pTM=0.312 tol=7.41
2023-06-29 16:44:39,222 alphafold2_multimer_v3_model_5_seed_000 recycle=2 pLDDT=55.8 pTM=0.378 tol=3.34
2023-06-29 16:44:39,686 alphafold2_multimer_v3_model_5_seed_000 recycle=3 pLDDT=55.7 pTM=0.361 tol=2.92
2023-06-29 16:44:40,151 alphafold2_multimer_v3_model_5_seed_000 recycle=4 pLDDT=56.2 pTM=0.361 tol=2.53
2023-06-29 16:44:40,612 alphafold2_multimer_v3_model_5_seed_000 recycle=5 pLDDT=55.3 pTM=0.354 tol=0.67
2023-06-29 16:44:41,072 alphafold2_multimer_v3_model_5_seed_000 recycle=6 pLDDT=54.7 pTM=0.34 tol=3.67
2023-06-29 16:44:41,539 alphafold2_multimer_v3_model_5_seed_000 recycle=7 pLDDT=55.1 pTM=0.347 tol=1.12
2023-06-29 16:44:42,010 alphafold2_multimer_v3_model_5_seed_000 recycle=8 pLDDT=55.1 pTM=0.356 tol=2.65
2023-06-29 16:44:42,470 alphafold2_multimer_v3_model_5_seed_000 recycle=9 pLDDT=55 pTM=0.349 tol=0.726
2023-06-29 16:44:42,935 alphafold2_multimer_v3_model_5_seed_000 recycle=10 pLDDT=54.7 pTM=0.35 tol=1.12
2023-06-29 16:44:43,393 alphafold2_multimer_v3_model_5_seed_000 recycle=11 pLDDT=54.9 pTM=0.352 tol=0.881
2023-06-29 16:44:43,869 alphafold2_multimer_v3_model_5_seed_000 recycle=12 pLDDT=54.8 pTM=0.347 tol=1.09
2023-06-29 16:44:44,331 alphafold2_multimer_v3_model_5_seed_000 recycle=13 pLDDT=55.1 pTM=0.35 tol=0.557
2023-06-29 16:44:44,803 alphafold2_multimer_v3_model_5_seed_000 recycle=14 pLDDT=54.8 pTM=0.354 tol=1.96
2023-06-29 16:44:45,272 alphafold2_multimer_v3_model_5_seed_000 recycle=15 pLDDT=55.1 pTM=0.354 tol=1.91
2023-06-29 16:44:45,742 alphafold2_multimer_v3_model_5_seed_000 recycle=16 pLDDT=55 pTM=0.356 tol=1.35
2023-06-29 16:44:46,211 alphafold2_multimer_v3_model_5_seed_000 recycle=17 pLDDT=55.6 pTM=0.361 tol=1.29
2023-06-29 16:44:46,678 alphafold2_multimer_v3_model_5_seed_000 recycle=18 pLDDT=55.3 pTM=0.355 tol=0.381
2023-06-29 16:44:46,678 alphafold2_multimer_v3_model_5_seed_000 took 8.8s (18 recycles)
2023-06-29 16:44:46,730 reranking models by 'plddt' metric
2023-06-29 16:44:46,730 rank_001_alphafold2_multimer_v3_model_3_seed_000 pLDDT=59.2 pTM=0.433
2023-06-29 16:44:46,739 rank_002_alphafold2_multimer_v3_model_4_seed_000 pLDDT=58.4 pTM=0.425
2023-06-29 16:44:46,745 rank_003_alphafold2_multimer_v3_model_2_seed_000 pLDDT=57 pTM=0.406
2023-06-29 16:44:46,751 rank_004_alphafold2_multimer_v3_model_5_seed_000 pLDDT=55.3 pTM=0.355
2023-06-29 16:44:46,757 rank_005_alphafold2_multimer_v3_model_1_seed_000 pLDDT=53.9 pTM=0.343
2023-06-29 16:44:48,559 Query 2/3: T_0.1__sample_1__score_1.1306__global_score_1.8469__seq_recovery_0.0000 (length 121)
2023-06-29 16:44:49,051 alphafold2_multimer_v3_model_1_seed_000 recycle=0 pLDDT=81.8 pTM=0.475
2023-06-29 16:44:49,529 alphafold2_multimer_v3_model_1_seed_000 recycle=1 pLDDT=86.9 pTM=0.479 tol=3
2023-06-29 16:44:50,000 alphafold2_multimer_v3_model_1_seed_000 recycle=2 pLDDT=86.5 pTM=0.482 tol=2.6
2023-06-29 16:44:50,473 alphafold2_multimer_v3_model_1_seed_000 recycle=3 pLDDT=86.7 pTM=0.479 tol=0.952
2023-06-29 16:44:50,946 alphafold2_multimer_v3_model_1_seed_000 recycle=4 pLDDT=86.4 pTM=0.481 tol=1.65
2023-06-29 16:44:51,417 alphafold2_multimer_v3_model_1_seed_000 recycle=5 pLDDT=85.8 pTM=0.482 tol=4
2023-06-29 16:44:51,891 alphafold2_multimer_v3_model_1_seed_000 recycle=6 pLDDT=86.4 pTM=0.48 tol=1.25
2023-06-29 16:44:52,371 alphafold2_multimer_v3_model_1_seed_000 recycle=7 pLDDT=86.7 pTM=0.483 tol=1.2
2023-06-29 16:44:52,851 alphafold2_multimer_v3_model_1_seed_000 recycle=8 pLDDT=86.1 pTM=0.48 tol=4.37
2023-06-29 16:44:53,328 alphafold2_multimer_v3_model_1_seed_000 recycle=9 pLDDT=86.2 pTM=0.481 tol=2.14
2023-06-29 16:44:53,808 alphafold2_multimer_v3_model_1_seed_000 recycle=10 pLDDT=85.9 pTM=0.482 tol=1.11
2023-06-29 16:44:54,290 alphafold2_multimer_v3_model_1_seed_000 recycle=11 pLDDT=86.3 pTM=0.48 tol=1.57
2023-06-29 16:44:54,765 alphafold2_multimer_v3_model_1_seed_000 recycle=12 pLDDT=86.1 pTM=0.48 tol=0.551
2023-06-29 16:44:55,241 alphafold2_multimer_v3_model_1_seed_000 recycle=13 pLDDT=86.6 pTM=0.48 tol=1.65
2023-06-29 16:44:55,786 alphafold2_multimer_v3_model_1_seed_000 recycle=14 pLDDT=86.1 pTM=0.482 tol=2.4
2023-06-29 16:44:56,287 alphafold2_multimer_v3_model_1_seed_000 recycle=15 pLDDT=86.2 pTM=0.479 tol=0.477
2023-06-29 16:44:56,288 alphafold2_multimer_v3_model_1_seed_000 took 7.7s (15 recycles)
2023-06-29 16:44:56,814 alphafold2_multimer_v3_model_2_seed_000 recycle=0 pLDDT=82.9 pTM=0.483
2023-06-29 16:44:57,299 alphafold2_multimer_v3_model_2_seed_000 recycle=1 pLDDT=87.3 pTM=0.487 tol=13.2
2023-06-29 16:44:57,775 alphafold2_multimer_v3_model_2_seed_000 recycle=2 pLDDT=86.4 pTM=0.49 tol=5.73
2023-06-29 16:44:58,250 alphafold2_multimer_v3_model_2_seed_000 recycle=3 pLDDT=86.9 pTM=0.488 tol=7
2023-06-29 16:44:58,726 alphafold2_multimer_v3_model_2_seed_000 recycle=4 pLDDT=86.6 pTM=0.49 tol=6.82
2023-06-29 16:44:59,192 alphafold2_multimer_v3_model_2_seed_000 recycle=5 pLDDT=87.1 pTM=0.489 tol=1.19
2023-06-29 16:44:59,678 alphafold2_multimer_v3_model_2_seed_000 recycle=6 pLDDT=86.6 pTM=0.489 tol=3.65
2023-06-29 16:45:00,151 alphafold2_multimer_v3_model_2_seed_000 recycle=7 pLDDT=88.4 pTM=0.494 tol=12.7
2023-06-29 16:45:00,634 alphafold2_multimer_v3_model_2_seed_000 recycle=8 pLDDT=87.9 pTM=0.495 tol=1.21
2023-06-29 16:45:01,110 alphafold2_multimer_v3_model_2_seed_000 recycle=9 pLDDT=89.2 pTM=0.505 tol=1.56
2023-06-29 16:45:01,588 alphafold2_multimer_v3_model_2_seed_000 recycle=10 pLDDT=88.9 pTM=0.506 tol=0.0872
2023-06-29 16:45:01,588 alphafold2_multimer_v3_model_2_seed_000 took 5.2s (10 recycles)
2023-06-29 16:45:02,119 alphafold2_multimer_v3_model_3_seed_000 recycle=0 pLDDT=83.9 pTM=0.48
2023-06-29 16:45:02,587 alphafold2_multimer_v3_model_3_seed_000 recycle=1 pLDDT=92.5 pTM=0.524 tol=29
2023-06-29 16:45:03,062 alphafold2_multimer_v3_model_3_seed_000 recycle=2 pLDDT=90.8 pTM=0.509 tol=0.194
2023-06-29 16:45:03,063 alphafold2_multimer_v3_model_3_seed_000 took 1.4s (2 recycles)
2023-06-29 16:45:03,614 alphafold2_multimer_v3_model_4_seed_000 recycle=0 pLDDT=85.2 pTM=0.484
2023-06-29 16:45:04,092 alphafold2_multimer_v3_model_4_seed_000 recycle=1 pLDDT=89.6 pTM=0.515 tol=12.6
2023-06-29 16:45:04,555 alphafold2_multimer_v3_model_4_seed_000 recycle=2 pLDDT=87.3 pTM=0.493 tol=2.21
2023-06-29 16:45:05,033 alphafold2_multimer_v3_model_4_seed_000 recycle=3 pLDDT=89.4 pTM=0.511 tol=2.4
2023-06-29 16:45:05,515 alphafold2_multimer_v3_model_4_seed_000 recycle=4 pLDDT=87.2 pTM=0.49 tol=5.77
2023-06-29 16:45:05,993 alphafold2_multimer_v3_model_4_seed_000 recycle=5 pLDDT=89.4 pTM=0.51 tol=6.07
2023-06-29 16:45:06,455 alphafold2_multimer_v3_model_4_seed_000 recycle=6 pLDDT=88.8 pTM=0.504 tol=0.639
2023-06-29 16:45:06,929 alphafold2_multimer_v3_model_4_seed_000 recycle=7 pLDDT=89.3 pTM=0.51 tol=0.221
2023-06-29 16:45:06,930 alphafold2_multimer_v3_model_4_seed_000 took 3.8s (7 recycles)
2023-06-29 16:45:07,475 alphafold2_multimer_v3_model_5_seed_000 recycle=0 pLDDT=82.3 pTM=0.463
2023-06-29 16:45:07,962 alphafold2_multimer_v3_model_5_seed_000 recycle=1 pLDDT=86.6 pTM=0.472 tol=26.5
2023-06-29 16:45:08,440 alphafold2_multimer_v3_model_5_seed_000 recycle=2 pLDDT=86.9 pTM=0.477 tol=0.645
2023-06-29 16:45:08,904 alphafold2_multimer_v3_model_5_seed_000 recycle=3 pLDDT=88.3 pTM=0.493 tol=1.38
2023-06-29 16:45:09,372 alphafold2_multimer_v3_model_5_seed_000 recycle=4 pLDDT=89.1 pTM=0.501 tol=0.179
2023-06-29 16:45:09,372 alphafold2_multimer_v3_model_5_seed_000 took 2.4s (4 recycles)
2023-06-29 16:45:09,427 reranking models by 'plddt' metric
2023-06-29 16:45:09,427 rank_001_alphafold2_multimer_v3_model_3_seed_000 pLDDT=90.8 pTM=0.509
2023-06-29 16:45:09,436 rank_002_alphafold2_multimer_v3_model_4_seed_000 pLDDT=89.3 pTM=0.51
2023-06-29 16:45:09,442 rank_003_alphafold2_multimer_v3_model_5_seed_000 pLDDT=89.1 pTM=0.501
2023-06-29 16:45:09,448 rank_004_alphafold2_multimer_v3_model_2_seed_000 pLDDT=88.9 pTM=0.506
2023-06-29 16:45:09,453 rank_005_alphafold2_multimer_v3_model_1_seed_000 pLDDT=86.2 pTM=0.479
2023-06-29 16:45:11,310 Query 3/3: T_0.1__sample_2__score_1.1636__global_score_1.8617__seq_recovery_0.0000 (length 121)
2023-06-29 16:45:11,782 alphafold2_multimer_v3_model_1_seed_000 recycle=0 pLDDT=71.7 pTM=0.493
2023-06-29 16:45:12,245 alphafold2_multimer_v3_model_1_seed_000 recycle=1 pLDDT=72.4 pTM=0.514 tol=1.34
2023-06-29 16:45:12,708 alphafold2_multimer_v3_model_1_seed_000 recycle=2 pLDDT=69.6 pTM=0.494 tol=1.33
2023-06-29 16:45:13,184 alphafold2_multimer_v3_model_1_seed_000 recycle=3 pLDDT=71.2 pTM=0.501 tol=0.732
2023-06-29 16:45:13,658 alphafold2_multimer_v3_model_1_seed_000 recycle=4 pLDDT=69.8 pTM=0.499 tol=0.717
2023-06-29 16:45:14,134 alphafold2_multimer_v3_model_1_seed_000 recycle=5 pLDDT=71.1 pTM=0.509 tol=1.06
2023-06-29 16:45:14,606 alphafold2_multimer_v3_model_1_seed_000 recycle=6 pLDDT=73.4 pTM=0.523 tol=1.84
2023-06-29 16:45:15,078 alphafold2_multimer_v3_model_1_seed_000 recycle=7 pLDDT=74.7 pTM=0.552 tol=1.5
2023-06-29 16:45:15,544 alphafold2_multimer_v3_model_1_seed_000 recycle=8 pLDDT=73.2 pTM=0.53 tol=0.33
2023-06-29 16:45:15,545 alphafold2_multimer_v3_model_1_seed_000 took 4.2s (8 recycles)
2023-06-29 16:45:16,070 alphafold2_multimer_v3_model_2_seed_000 recycle=0 pLDDT=86.7 pTM=0.61
2023-06-29 16:45:16,541 alphafold2_multimer_v3_model_2_seed_000 recycle=1 pLDDT=88.6 pTM=0.61 tol=0.564
2023-06-29 16:45:17,012 alphafold2_multimer_v3_model_2_seed_000 recycle=2 pLDDT=87.6 pTM=0.609 tol=0.0632
2023-06-29 16:45:17,013 alphafold2_multimer_v3_model_2_seed_000 took 1.4s (2 recycles)
2023-06-29 16:45:17,535 alphafold2_multimer_v3_model_3_seed_000 recycle=0 pLDDT=84.8 pTM=0.562
2023-06-29 16:45:18,005 alphafold2_multimer_v3_model_3_seed_000 recycle=1 pLDDT=87.9 pTM=0.558 tol=0.842
2023-06-29 16:45:18,474 alphafold2_multimer_v3_model_3_seed_000 recycle=2 pLDDT=86.8 pTM=0.543 tol=0.162
2023-06-29 16:45:18,475 alphafold2_multimer_v3_model_3_seed_000 took 1.4s (2 recycles)
2023-06-29 16:45:19,003 alphafold2_multimer_v3_model_4_seed_000 recycle=0 pLDDT=81.9 pTM=0.559
2023-06-29 16:45:19,470 alphafold2_multimer_v3_model_4_seed_000 recycle=1 pLDDT=82.9 pTM=0.542 tol=0.588
2023-06-29 16:45:19,942 alphafold2_multimer_v3_model_4_seed_000 recycle=2 pLDDT=84 pTM=0.54 tol=1.62
2023-06-29 16:45:20,418 alphafold2_multimer_v3_model_4_seed_000 recycle=3 pLDDT=85.3 pTM=0.534 tol=0.355
2023-06-29 16:45:20,418 alphafold2_multimer_v3_model_4_seed_000 took 1.9s (3 recycles)
2023-06-29 16:45:20,952 alphafold2_multimer_v3_model_5_seed_000 recycle=0 pLDDT=75.2 pTM=0.523
2023-06-29 16:45:21,429 alphafold2_multimer_v3_model_5_seed_000 recycle=1 pLDDT=80.3 pTM=0.579 tol=1.78
2023-06-29 16:45:21,898 alphafold2_multimer_v3_model_5_seed_000 recycle=2 pLDDT=79.3 pTM=0.574 tol=0.58
2023-06-29 16:45:22,367 alphafold2_multimer_v3_model_5_seed_000 recycle=3 pLDDT=78.9 pTM=0.567 tol=0.177
2023-06-29 16:45:22,368 alphafold2_multimer_v3_model_5_seed_000 took 1.9s (3 recycles)
2023-06-29 16:45:22,419 reranking models by 'plddt' metric
2023-06-29 16:45:22,419 rank_001_alphafold2_multimer_v3_model_2_seed_000 pLDDT=87.6 pTM=0.609
2023-06-29 16:45:22,426 rank_002_alphafold2_multimer_v3_model_3_seed_000 pLDDT=86.8 pTM=0.543
2023-06-29 16:45:22,436 rank_003_alphafold2_multimer_v3_model_4_seed_000 pLDDT=85.3 pTM=0.534
2023-06-29 16:45:22,447 rank_004_alphafold2_multimer_v3_model_5_seed_000 pLDDT=78.9 pTM=0.567
2023-06-29 16:45:22,455 rank_005_alphafold2_multimer_v3_model_1_seed_000 pLDDT=73.2 pTM=0.53
2023-06-29 16:45:24,147 Done
/home/nbizjak/projects/11_04_2023_rigid_connections/.venv/lib/python3.10/site-packages/Bio/PDB/PDBParser.py:395: PDBConstructionWarning: Ignoring unrecognized record 'END' at line 486
  warnings.warn(
SETTING UP AF2 RUNNING AS nbizjak@compute-0-12
SETTING UP PROXY
RUNNING IN:
/home/nbizjak/prosculpt_dev/prosculpt/examples/two_helices_3cycles_model4
Free device is 3
2023-06-29 16:45:26,424 Running colabfold 1.5.2 (8c745219964d6bfb878dd6fb53b5a2a05b009391)
2023-06-29 16:45:29,093 Running on GPU
2023-06-29 16:45:29,582 Found 1 citations for tools or databases
2023-06-29 16:45:29,583 Query 1/3: _1__score_3.0220__global_score_2.6612__fixed_chains_____designed_chains___A____model_name_v_48_020__git_hash_unknown__seed_30 (length 100)
2023-06-29 16:45:50,116 alphafold2_multimer_v3_model_1_seed_000 recycle=0 pLDDT=58.4 pTM=0.342
2023-06-29 16:45:50,447 alphafold2_multimer_v3_model_1_seed_000 recycle=1 pLDDT=66.3 pTM=0.479 tol=3.31
2023-06-29 16:45:50,775 alphafold2_multimer_v3_model_1_seed_000 recycle=2 pLDDT=62.9 pTM=0.411 tol=2.46
2023-06-29 16:45:51,107 alphafold2_multimer_v3_model_1_seed_000 recycle=3 pLDDT=62.7 pTM=0.365 tol=2.68
2023-06-29 16:45:51,447 alphafold2_multimer_v3_model_1_seed_000 recycle=4 pLDDT=61.1 pTM=0.372 tol=1.17
2023-06-29 16:45:51,790 alphafold2_multimer_v3_model_1_seed_000 recycle=5 pLDDT=66 pTM=0.481 tol=2.43
2023-06-29 16:45:52,210 alphafold2_multimer_v3_model_1_seed_000 recycle=6 pLDDT=63.5 pTM=0.425 tol=1.7
2023-06-29 16:45:52,544 alphafold2_multimer_v3_model_1_seed_000 recycle=7 pLDDT=63.2 pTM=0.37 tol=1.29
2023-06-29 16:45:52,875 alphafold2_multimer_v3_model_1_seed_000 recycle=8 pLDDT=61.5 pTM=0.368 tol=1.12
2023-06-29 16:45:53,206 alphafold2_multimer_v3_model_1_seed_000 recycle=9 pLDDT=63.8 pTM=0.437 tol=1.55
2023-06-29 16:45:53,539 alphafold2_multimer_v3_model_1_seed_000 recycle=10 pLDDT=64.2 pTM=0.438 tol=1.75
2023-06-29 16:45:53,868 alphafold2_multimer_v3_model_1_seed_000 recycle=11 pLDDT=62.4 pTM=0.371 tol=1.83
2023-06-29 16:45:54,201 alphafold2_multimer_v3_model_1_seed_000 recycle=12 pLDDT=61 pTM=0.366 tol=0.822
2023-06-29 16:45:54,537 alphafold2_multimer_v3_model_1_seed_000 recycle=13 pLDDT=61 pTM=0.381 tol=1.26
2023-06-29 16:45:54,869 alphafold2_multimer_v3_model_1_seed_000 recycle=14 pLDDT=65.4 pTM=0.468 tol=1.21
2023-06-29 16:45:55,204 alphafold2_multimer_v3_model_1_seed_000 recycle=15 pLDDT=63.6 pTM=0.411 tol=1.24
2023-06-29 16:45:55,536 alphafold2_multimer_v3_model_1_seed_000 recycle=16 pLDDT=63.2 pTM=0.368 tol=1.82
2023-06-29 16:45:55,869 alphafold2_multimer_v3_model_1_seed_000 recycle=17 pLDDT=61.8 pTM=0.368 tol=0.922
2023-06-29 16:45:56,200 alphafold2_multimer_v3_model_1_seed_000 recycle=18 pLDDT=63.9 pTM=0.442 tol=2.2
2023-06-29 16:45:56,534 alphafold2_multimer_v3_model_1_seed_000 recycle=19 pLDDT=64.9 pTM=0.44 tol=1.65
2023-06-29 16:45:56,866 alphafold2_multimer_v3_model_1_seed_000 recycle=20 pLDDT=62.8 pTM=0.381 tol=0.891
2023-06-29 16:45:56,866 alphafold2_multimer_v3_model_1_seed_000 took 24.0s (20 recycles)
2023-06-29 16:45:57,246 alphafold2_multimer_v3_model_2_seed_000 recycle=0 pLDDT=63.2 pTM=0.477
2023-06-29 16:45:57,574 alphafold2_multimer_v3_model_2_seed_000 recycle=1 pLDDT=69.6 pTM=0.546 tol=4.15
2023-06-29 16:45:57,902 alphafold2_multimer_v3_model_2_seed_000 recycle=2 pLDDT=68.9 pTM=0.536 tol=2.61
2023-06-29 16:45:58,235 alphafold2_multimer_v3_model_2_seed_000 recycle=3 pLDDT=68.1 pTM=0.526 tol=0.841
2023-06-29 16:45:58,570 alphafold2_multimer_v3_model_2_seed_000 recycle=4 pLDDT=68.4 pTM=0.53 tol=0.847
2023-06-29 16:45:58,900 alphafold2_multimer_v3_model_2_seed_000 recycle=5 pLDDT=68.5 pTM=0.535 tol=0.801
2023-06-29 16:45:59,231 alphafold2_multimer_v3_model_2_seed_000 recycle=6 pLDDT=68.6 pTM=0.538 tol=1.03
2023-06-29 16:45:59,561 alphafold2_multimer_v3_model_2_seed_000 recycle=7 pLDDT=69.5 pTM=0.543 tol=0.535
2023-06-29 16:45:59,894 alphafold2_multimer_v3_model_2_seed_000 recycle=8 pLDDT=69.2 pTM=0.544 tol=0.581
2023-06-29 16:46:00,225 alphafold2_multimer_v3_model_2_seed_000 recycle=9 pLDDT=69.6 pTM=0.545 tol=0.384
2023-06-29 16:46:00,225 alphafold2_multimer_v3_model_2_seed_000 took 3.3s (9 recycles)
2023-06-29 16:46:00,609 alphafold2_multimer_v3_model_3_seed_000 recycle=0 pLDDT=69.6 pTM=0.534
2023-06-29 16:46:00,941 alphafold2_multimer_v3_model_3_seed_000 recycle=1 pLDDT=71.7 pTM=0.556 tol=0.938
2023-06-29 16:46:01,272 alphafold2_multimer_v3_model_3_seed_000 recycle=2 pLDDT=71.3 pTM=0.543 tol=0.284
2023-06-29 16:46:01,273 alphafold2_multimer_v3_model_3_seed_000 took 1.0s (2 recycles)
2023-06-29 16:46:01,656 alphafold2_multimer_v3_model_4_seed_000 recycle=0 pLDDT=56.8 pTM=0.344
2023-06-29 16:46:01,990 alphafold2_multimer_v3_model_4_seed_000 recycle=1 pLDDT=65.5 pTM=0.479 tol=2.72
2023-06-29 16:46:02,324 alphafold2_multimer_v3_model_4_seed_000 recycle=2 pLDDT=69.8 pTM=0.537 tol=1.11
2023-06-29 16:46:02,657 alphafold2_multimer_v3_model_4_seed_000 recycle=3 pLDDT=70 pTM=0.533 tol=0.59
2023-06-29 16:46:02,990 alphafold2_multimer_v3_model_4_seed_000 recycle=4 pLDDT=71.2 pTM=0.548 tol=0.394
2023-06-29 16:46:02,991 alphafold2_multimer_v3_model_4_seed_000 took 1.7s (4 recycles)
2023-06-29 16:46:03,375 alphafold2_multimer_v3_model_5_seed_000 recycle=0 pLDDT=66.6 pTM=0.502
2023-06-29 16:46:03,709 alphafold2_multimer_v3_model_5_seed_000 recycle=1 pLDDT=66.1 pTM=0.483 tol=1.46
2023-06-29 16:46:04,038 alphafold2_multimer_v3_model_5_seed_000 recycle=2 pLDDT=66.4 pTM=0.498 tol=0.634
2023-06-29 16:46:04,376 alphafold2_multimer_v3_model_5_seed_000 recycle=3 pLDDT=67.4 pTM=0.508 tol=0.687
2023-06-29 16:46:04,707 alphafold2_multimer_v3_model_5_seed_000 recycle=4 pLDDT=67.6 pTM=0.509 tol=0.416
2023-06-29 16:46:04,707 alphafold2_multimer_v3_model_5_seed_000 took 1.7s (4 recycles)
2023-06-29 16:46:04,751 reranking models by 'plddt' metric
2023-06-29 16:46:04,751 rank_001_alphafold2_multimer_v3_model_3_seed_000 pLDDT=71.3 pTM=0.543
2023-06-29 16:46:04,759 rank_002_alphafold2_multimer_v3_model_4_seed_000 pLDDT=71.2 pTM=0.548
2023-06-29 16:46:04,765 rank_003_alphafold2_multimer_v3_model_2_seed_000 pLDDT=69.6 pTM=0.545
2023-06-29 16:46:04,771 rank_004_alphafold2_multimer_v3_model_5_seed_000 pLDDT=67.6 pTM=0.509
2023-06-29 16:46:04,777 rank_005_alphafold2_multimer_v3_model_1_seed_000 pLDDT=62.8 pTM=0.381
2023-06-29 16:46:06,650 Query 2/3: T_0.1__sample_1__score_1.1954__global_score_2.0190__seq_recovery_0.0286 (length 100)
2023-06-29 16:46:07,006 alphafold2_multimer_v3_model_1_seed_000 recycle=0 pLDDT=71.6 pTM=0.441
2023-06-29 16:46:07,338 alphafold2_multimer_v3_model_1_seed_000 recycle=1 pLDDT=70.4 pTM=0.457 tol=2
2023-06-29 16:46:07,672 alphafold2_multimer_v3_model_1_seed_000 recycle=2 pLDDT=82.4 pTM=0.604 tol=3.21
2023-06-29 16:46:08,007 alphafold2_multimer_v3_model_1_seed_000 recycle=3 pLDDT=76.2 pTM=0.542 tol=0.425
2023-06-29 16:46:08,007 alphafold2_multimer_v3_model_1_seed_000 took 1.3s (3 recycles)
2023-06-29 16:46:08,394 alphafold2_multimer_v3_model_2_seed_000 recycle=0 pLDDT=80 pTM=0.431
2023-06-29 16:46:08,733 alphafold2_multimer_v3_model_2_seed_000 recycle=1 pLDDT=75.2 pTM=0.455 tol=2.19
2023-06-29 16:46:09,142 alphafold2_multimer_v3_model_2_seed_000 recycle=2 pLDDT=75.9 pTM=0.457 tol=0.474
2023-06-29 16:46:09,143 alphafold2_multimer_v3_model_2_seed_000 took 1.1s (2 recycles)
2023-06-29 16:46:09,602 alphafold2_multimer_v3_model_3_seed_000 recycle=0 pLDDT=75.6 pTM=0.469
2023-06-29 16:46:09,961 alphafold2_multimer_v3_model_3_seed_000 recycle=1 pLDDT=83.7 pTM=0.47 tol=1.39
2023-06-29 16:46:10,297 alphafold2_multimer_v3_model_3_seed_000 recycle=2 pLDDT=81.4 pTM=0.468 tol=0.282
2023-06-29 16:46:10,298 alphafold2_multimer_v3_model_3_seed_000 took 1.1s (2 recycles)
2023-06-29 16:46:10,690 alphafold2_multimer_v3_model_4_seed_000 recycle=0 pLDDT=80 pTM=0.443
2023-06-29 16:46:11,028 alphafold2_multimer_v3_model_4_seed_000 recycle=1 pLDDT=88.2 pTM=0.458 tol=3.72
2023-06-29 16:46:11,369 alphafold2_multimer_v3_model_4_seed_000 recycle=2 pLDDT=91.6 pTM=0.481 tol=11.3
2023-06-29 16:46:11,706 alphafold2_multimer_v3_model_4_seed_000 recycle=3 pLDDT=91.8 pTM=0.494 tol=1.04
2023-06-29 16:46:12,042 alphafold2_multimer_v3_model_4_seed_000 recycle=4 pLDDT=91.9 pTM=0.498 tol=0.323
2023-06-29 16:46:12,043 alphafold2_multimer_v3_model_4_seed_000 took 1.7s (4 recycles)
2023-06-29 16:46:12,421 alphafold2_multimer_v3_model_5_seed_000 recycle=0 pLDDT=69.1 pTM=0.458
2023-06-29 16:46:12,756 alphafold2_multimer_v3_model_5_seed_000 recycle=1 pLDDT=72.8 pTM=0.453 tol=1.62
2023-06-29 16:46:13,092 alphafold2_multimer_v3_model_5_seed_000 recycle=2 pLDDT=70.7 pTM=0.473 tol=1.63
2023-06-29 16:46:13,426 alphafold2_multimer_v3_model_5_seed_000 recycle=3 pLDDT=69.4 pTM=0.484 tol=0.424
2023-06-29 16:46:13,426 alphafold2_multimer_v3_model_5_seed_000 took 1.3s (3 recycles)
2023-06-29 16:46:13,475 reranking models by 'plddt' metric
2023-06-29 16:46:13,475 rank_001_alphafold2_multimer_v3_model_4_seed_000 pLDDT=91.9 pTM=0.498
2023-06-29 16:46:13,481 rank_002_alphafold2_multimer_v3_model_3_seed_000 pLDDT=81.4 pTM=0.468
2023-06-29 16:46:13,487 rank_003_alphafold2_multimer_v3_model_1_seed_000 pLDDT=76.2 pTM=0.542
2023-06-29 16:46:13,493 rank_004_alphafold2_multimer_v3_model_2_seed_000 pLDDT=75.9 pTM=0.457
2023-06-29 16:46:13,498 rank_005_alphafold2_multimer_v3_model_5_seed_000 pLDDT=69.4 pTM=0.484
2023-06-29 16:46:15,059 Query 3/3: T_0.1__sample_2__score_1.2581__global_score_2.0172__seq_recovery_0.0000 (length 100)
2023-06-29 16:46:15,412 alphafold2_multimer_v3_model_1_seed_000 recycle=0 pLDDT=74.4 pTM=0.509
2023-06-29 16:46:15,746 alphafold2_multimer_v3_model_1_seed_000 recycle=1 pLDDT=77.1 pTM=0.526 tol=1.86
2023-06-29 16:46:16,078 alphafold2_multimer_v3_model_1_seed_000 recycle=2 pLDDT=79.6 pTM=0.562 tol=0.619
2023-06-29 16:46:16,411 alphafold2_multimer_v3_model_1_seed_000 recycle=3 pLDDT=76.3 pTM=0.524 tol=0.219
2023-06-29 16:46:16,412 alphafold2_multimer_v3_model_1_seed_000 took 1.3s (3 recycles)
2023-06-29 16:46:16,796 alphafold2_multimer_v3_model_2_seed_000 recycle=0 pLDDT=74.1 pTM=0.462
2023-06-29 16:46:17,130 alphafold2_multimer_v3_model_2_seed_000 recycle=1 pLDDT=74.8 pTM=0.459 tol=3.07
2023-06-29 16:46:17,467 alphafold2_multimer_v3_model_2_seed_000 recycle=2 pLDDT=73.4 pTM=0.48 tol=9.17
2023-06-29 16:46:17,803 alphafold2_multimer_v3_model_2_seed_000 recycle=3 pLDDT=74.6 pTM=0.515 tol=0.903
2023-06-29 16:46:18,137 alphafold2_multimer_v3_model_2_seed_000 recycle=4 pLDDT=72.4 pTM=0.477 tol=0.629
2023-06-29 16:46:18,473 alphafold2_multimer_v3_model_2_seed_000 recycle=5 pLDDT=73.8 pTM=0.46 tol=1.01
2023-06-29 16:46:18,810 alphafold2_multimer_v3_model_2_seed_000 recycle=6 pLDDT=74.5 pTM=0.486 tol=1.18
2023-06-29 16:46:19,146 alphafold2_multimer_v3_model_2_seed_000 recycle=7 pLDDT=72.2 pTM=0.481 tol=0.843
2023-06-29 16:46:19,479 alphafold2_multimer_v3_model_2_seed_000 recycle=8 pLDDT=73.3 pTM=0.486 tol=0.261
2023-06-29 16:46:19,479 alphafold2_multimer_v3_model_2_seed_000 took 3.0s (8 recycles)
2023-06-29 16:46:19,861 alphafold2_multimer_v3_model_3_seed_000 recycle=0 pLDDT=78.4 pTM=0.469
2023-06-29 16:46:20,195 alphafold2_multimer_v3_model_3_seed_000 recycle=1 pLDDT=87.4 pTM=0.464 tol=17.8
2023-06-29 16:46:20,529 alphafold2_multimer_v3_model_3_seed_000 recycle=2 pLDDT=88.6 pTM=0.47 tol=2.17
2023-06-29 16:46:20,862 alphafold2_multimer_v3_model_3_seed_000 recycle=3 pLDDT=89.1 pTM=0.473 tol=0.499
2023-06-29 16:46:20,863 alphafold2_multimer_v3_model_3_seed_000 took 1.3s (3 recycles)
2023-06-29 16:46:21,250 alphafold2_multimer_v3_model_4_seed_000 recycle=0 pLDDT=75.6 pTM=0.449
2023-06-29 16:46:21,590 alphafold2_multimer_v3_model_4_seed_000 recycle=1 pLDDT=92.9 pTM=0.524 tol=19.9
2023-06-29 16:46:21,927 alphafold2_multimer_v3_model_4_seed_000 recycle=2 pLDDT=92.7 pTM=0.531 tol=0.67
2023-06-29 16:46:22,266 alphafold2_multimer_v3_model_4_seed_000 recycle=3 pLDDT=92.9 pTM=0.538 tol=0.361
2023-06-29 16:46:22,266 alphafold2_multimer_v3_model_4_seed_000 took 1.4s (3 recycles)
2023-06-29 16:46:22,649 alphafold2_multimer_v3_model_5_seed_000 recycle=0 pLDDT=71.8 pTM=0.477
2023-06-29 16:46:22,986 alphafold2_multimer_v3_model_5_seed_000 recycle=1 pLDDT=73.8 pTM=0.45 tol=1.1
2023-06-29 16:46:23,320 alphafold2_multimer_v3_model_5_seed_000 recycle=2 pLDDT=76.3 pTM=0.446 tol=1.88
2023-06-29 16:46:23,654 alphafold2_multimer_v3_model_5_seed_000 recycle=3 pLDDT=74.1 pTM=0.444 tol=1.22
2023-06-29 16:46:23,989 alphafold2_multimer_v3_model_5_seed_000 recycle=4 pLDDT=76.1 pTM=0.445 tol=11.5
2023-06-29 16:46:24,326 alphafold2_multimer_v3_model_5_seed_000 recycle=5 pLDDT=78.8 pTM=0.449 tol=6.02
2023-06-29 16:46:24,664 alphafold2_multimer_v3_model_5_seed_000 recycle=6 pLDDT=82.1 pTM=0.46 tol=0.5
2023-06-29 16:46:24,665 alphafold2_multimer_v3_model_5_seed_000 took 2.4s (6 recycles)
2023-06-29 16:46:24,711 reranking models by 'plddt' metric
2023-06-29 16:46:24,711 rank_001_alphafold2_multimer_v3_model_4_seed_000 pLDDT=92.9 pTM=0.538
2023-06-29 16:46:24,723 rank_002_alphafold2_multimer_v3_model_3_seed_000 pLDDT=89.1 pTM=0.473
2023-06-29 16:46:24,730 rank_003_alphafold2_multimer_v3_model_5_seed_000 pLDDT=82.1 pTM=0.46
2023-06-29 16:46:24,735 rank_004_alphafold2_multimer_v3_model_1_seed_000 pLDDT=76.3 pTM=0.524
2023-06-29 16:46:24,740 rank_005_alphafold2_multimer_v3_model_2_seed_000 pLDDT=73.3 pTM=0.486
2023-06-29 16:46:26,272 Done
----------------------------------------
pssm_jsonl is NOT loaded
----------------------------------------
omit_AA_jsonl is NOT loaded
----------------------------------------
bias_AA_jsonl is NOT loaded
----------------------------------------
tied_positions_jsonl is NOT loaded
----------------------------------------
bias by residue dictionary is not loaded, or not provided
----------------------------------------
discarded {'bad_chars': 0, 'too_long': 0, 'bad_seq_length': 0}
----------------------------------------
Number of edges: 48
Training noise level: 0.2A
Traceback (most recent call last):
  File "/home/tsatler/ProteinMPNN/protein_mpnn_run.py", line 423, in <module>
    main(args)   
  File "/home/tsatler/ProteinMPNN/protein_mpnn_run.py", line 218, in main
    X, S, mask, lengths, chain_M, chain_encoding_all, chain_list_list, visible_list_list, masked_list_list, masked_chain_length_list_list, chain_M_pos, omit_AA_mask, residue_idx, dihedral_mask, tied_pos_list_of_lists_list, pssm_coef, pssm_bias, pssm_log_odds_all, bias_by_res_all, tied_beta = tied_featurize(batch_clones, device, chain_id_dict, fixed_positions_dict, omit_AA_dict, tied_positions_dict, pssm_dict, bias_by_res_dict, ca_only=args.ca_only)
  File "/home/tsatler/ProteinMPNN/protein_mpnn_utils.py", line 290, in tied_featurize
    fixed_position_mask[np.array(fixed_pos_list)-1] = 0.0
IndexError: index 100 is out of bounds for axis 0 with size 100
----------------------------------------
pssm_jsonl is NOT loaded
----------------------------------------
omit_AA_jsonl is NOT loaded
----------------------------------------
bias_AA_jsonl is NOT loaded
----------------------------------------
tied_positions_jsonl is NOT loaded
----------------------------------------
bias by residue dictionary is not loaded, or not provided
----------------------------------------
discarded {'bad_chars': 0, 'too_long': 0, 'bad_seq_length': 0}
----------------------------------------
Number of edges: 48
Training noise level: 0.2A
PyRosetta-4 2022 [Rosetta PyRosetta4.conda.linux.cxx11thread.serialization.CentOS.python39.Release 2022.04+release.0c9f888efdecfed435625915cc2c8cddbb485ee9 2022-01-26T19:42:42] retrieved from: http://www.pyrosetta.org
(C) Copyright Rosetta Commons Member Institutions. Created in JHU by Sergey Lyskov and PyRosetta Team.
core.init: Checking for fconfig files in pwd and ./rosetta/flags 
core.init: Rosetta version: PyRosetta4.conda.linux.cxx11thread.serialization.CentOS.python39.Release r309 2022.04+release.0c9f888 0c9f888efdecfed435625915cc2c8cddbb485ee9 http://www.pyrosetta.org 2022-01-26T19:42:42
core.init: command: PyRosetta -ex1 -ex2aro -database /home/aljubetic/conda/envs/pyro/lib/python3.9/site-packages/pyrosetta/database
basic.random.init_random_generator: 'RNG device' seed mode, using '/dev/urandom', seed=-1395054815 seed_offset=0 real_seed=-1395054815 thread_index=0
basic.random.init_random_generator: RandomGenerator:init: Normal mode, seed=-1395054815 RG_type=mt19937
Traceback (most recent call last):
  File "/home/nbizjak/projects/11_04_2023_rigid_connections/scoring_rg_charge_sap.py", line 90, in <module>
    data = pd.read_csv(args.input_csv)
  File "/home/aljubetic/conda/envs/pyro/lib/python3.9/site-packages/pandas/util/_decorators.py", line 311, in wrapper
    return func(*args, **kwargs)
  File "/home/aljubetic/conda/envs/pyro/lib/python3.9/site-packages/pandas/io/parsers/readers.py", line 680, in read_csv
    return _read(filepath_or_buffer, kwds)
  File "/home/aljubetic/conda/envs/pyro/lib/python3.9/site-packages/pandas/io/parsers/readers.py", line 575, in _read
    parser = TextFileReader(filepath_or_buffer, **kwds)
  File "/home/aljubetic/conda/envs/pyro/lib/python3.9/site-packages/pandas/io/parsers/readers.py", line 933, in __init__
    self._engine = self._make_engine(f, self.engine)
  File "/home/aljubetic/conda/envs/pyro/lib/python3.9/site-packages/pandas/io/parsers/readers.py", line 1217, in _make_engine
    self.handles = get_handle(  # type: ignore[call-overload]
  File "/home/aljubetic/conda/envs/pyro/lib/python3.9/site-packages/pandas/io/common.py", line 789, in get_handle
    handle = open(
FileNotFoundError: [Errno 2] No such file or directory: '/home/nbizjak/prosculpt_dev/prosculpt/examples/two_helices_3cycles_model4/outputs/01/output.csv'
entering for loop of cycles
cycleeeeee 0
cycleeeeee 1
______________________________entering cycle_____________________________________
0 T_0.1__sample_1__score_1.1306__global_score_1.8469__seq_recovery_0.0000_unrelaxed_rank_001_alphafold2_multimer_v3_model_3_seed_000.pdb
1 T_0.1__sample_1__score_1.1306__global_score_1.8469__seq_recovery_0.0000_unrelaxed_rank_002_alphafold2_multimer_v3_model_4_seed_000.pdb
2 T_0.1__sample_1__score_1.1306__global_score_1.8469__seq_recovery_0.0000_unrelaxed_rank_003_alphafold2_multimer_v3_model_5_seed_000.pdb
3 T_0.1__sample_1__score_1.1306__global_score_1.8469__seq_recovery_0.0000_unrelaxed_rank_004_alphafold2_multimer_v3_model_2_seed_000.pdb
4 T_0.1__sample_1__score_1.1306__global_score_1.8469__seq_recovery_0.0000_unrelaxed_rank_005_alphafold2_multimer_v3_model_1_seed_000.pdb
5 T_0.1__sample_2__score_1.1636__global_score_1.8617__seq_recovery_0.0000_unrelaxed_rank_001_alphafold2_multimer_v3_model_2_seed_000.pdb
6 T_0.1__sample_2__score_1.1636__global_score_1.8617__seq_recovery_0.0000_unrelaxed_rank_002_alphafold2_multimer_v3_model_3_seed_000.pdb
7 T_0.1__sample_2__score_1.1636__global_score_1.8617__seq_recovery_0.0000_unrelaxed_rank_003_alphafold2_multimer_v3_model_4_seed_000.pdb
8 T_0.1__sample_2__score_1.1636__global_score_1.8617__seq_recovery_0.0000_unrelaxed_rank_004_alphafold2_multimer_v3_model_5_seed_000.pdb
9 T_0.1__sample_2__score_1.1636__global_score_1.8617__seq_recovery_0.0000_unrelaxed_rank_005_alphafold2_multimer_v3_model_1_seed_000.pdb
0 T_0.1__sample_1__score_1.1954__global_score_2.0190__seq_recovery_0.0286_unrelaxed_rank_001_alphafold2_multimer_v3_model_4_seed_000.pdb
1 T_0.1__sample_1__score_1.1954__global_score_2.0190__seq_recovery_0.0286_unrelaxed_rank_002_alphafold2_multimer_v3_model_3_seed_000.pdb
2 T_0.1__sample_1__score_1.1954__global_score_2.0190__seq_recovery_0.0286_unrelaxed_rank_003_alphafold2_multimer_v3_model_1_seed_000.pdb
3 T_0.1__sample_1__score_1.1954__global_score_2.0190__seq_recovery_0.0286_unrelaxed_rank_004_alphafold2_multimer_v3_model_2_seed_000.pdb
4 T_0.1__sample_1__score_1.1954__global_score_2.0190__seq_recovery_0.0286_unrelaxed_rank_005_alphafold2_multimer_v3_model_5_seed_000.pdb
5 T_0.1__sample_2__score_1.2581__global_score_2.0172__seq_recovery_0.0000_unrelaxed_rank_001_alphafold2_multimer_v3_model_4_seed_000.pdb
6 T_0.1__sample_2__score_1.2581__global_score_2.0172__seq_recovery_0.0000_unrelaxed_rank_002_alphafold2_multimer_v3_model_3_seed_000.pdb
7 T_0.1__sample_2__score_1.2581__global_score_2.0172__seq_recovery_0.0000_unrelaxed_rank_003_alphafold2_multimer_v3_model_5_seed_000.pdb
8 T_0.1__sample_2__score_1.2581__global_score_2.0172__seq_recovery_0.0000_unrelaxed_rank_004_alphafold2_multimer_v3_model_1_seed_000.pdb
9 T_0.1__sample_2__score_1.2581__global_score_2.0172__seq_recovery_0.0000_unrelaxed_rank_005_alphafold2_multimer_v3_model_2_seed_000.pdb
TRB file not found for rf_1__model_4__cycle_1__itr_0__. CAUTION, using _0.trb
TRB file not found for rf_1__model_4__cycle_1__itr_5__. CAUTION, using _0.trb
TRB file not found for rf_0__model_4__cycle_1__itr_1__. CAUTION, using _0.trb
TRB file not found for rf_0__model_4__cycle_1__itr_7__. CAUTION, using _0.trb
cycleeeeee 2
______________________________entering cycle_____________________________________
Traceback (most recent call last):
  File "/home/nbizjak/prosculpt_dev/prosculpt/rfdiff_mpnn_af2_disontiuous.py", line 220, in <module>
    prosculpt.merge_csv(args.output_dir, csv_path, scores_rg_path)
  File "/home/nbizjak/prosculpt_dev/prosculpt/prosculpt.py", line 80, in merge_csv
    df1 = pd.read_csv(scores_csv)
  File "/home/nbizjak/projects/11_04_2023_rigid_connections/.venv/lib/python3.10/site-packages/pandas/io/parsers/readers.py", line 912, in read_csv
    return _read(filepath_or_buffer, kwds)
  File "/home/nbizjak/projects/11_04_2023_rigid_connections/.venv/lib/python3.10/site-packages/pandas/io/parsers/readers.py", line 577, in _read
    parser = TextFileReader(filepath_or_buffer, **kwds)
  File "/home/nbizjak/projects/11_04_2023_rigid_connections/.venv/lib/python3.10/site-packages/pandas/io/parsers/readers.py", line 1407, in __init__
    self._engine = self._make_engine(f, self.engine)
  File "/home/nbizjak/projects/11_04_2023_rigid_connections/.venv/lib/python3.10/site-packages/pandas/io/parsers/readers.py", line 1661, in _make_engine
    self.handles = get_handle(
  File "/home/nbizjak/projects/11_04_2023_rigid_connections/.venv/lib/python3.10/site-packages/pandas/io/common.py", line 859, in get_handle
    handle = open(
FileNotFoundError: [Errno 2] No such file or directory: '/home/nbizjak/prosculpt_dev/prosculpt/examples/two_helices_3cycles_model4/outputs/01/scores_rg_charge_sap.csv'
